2019-02-21 11:35:39.119 [user_provider] [main] INFO  [org.springframework.context.annotation.AnnotationConfigApplicationContext] -Refreshing org.springframework.context.annotation.AnnotationConfigApplicationContext@385c9627: startup date [Thu Feb 21 11:35:39 CST 2019]; root of context hierarchy
2019-02-21 11:35:39.516 [user_provider] [main] INFO  [org.springframework.beans.factory.annotation.AutowiredAnnotationBeanPostProcessor] -JSR-330 'javax.inject.Inject' annotation found and supported for autowiring
2019-02-21 11:35:39.549 [user_provider] [main] INFO  [org.springframework.context.support.PostProcessorRegistrationDelegate$BeanPostProcessorChecker] -Bean 'configurationPropertiesRebinderAutoConfiguration' of type [org.springframework.cloud.autoconfigure.ConfigurationPropertiesRebinderAutoConfiguration$$EnhancerBySpringCGLIB$$20646ab4] is not eligible for getting processed by all BeanPostProcessors (for example: not eligible for auto-proxying)
2019-02-21 11:35:39.805 [user_provider] [main] INFO  [cn.qyd.blogroom.user.UserServiceProvider] -The following profiles are active: dev
2019-02-21 11:35:39.816 [user_provider] [main] INFO  [org.springframework.boot.web.servlet.context.AnnotationConfigServletWebServerApplicationContext] -Refreshing org.springframework.boot.web.servlet.context.AnnotationConfigServletWebServerApplicationContext@7ae42ce3: startup date [Thu Feb 21 11:35:39 CST 2019]; parent: org.springframework.context.annotation.AnnotationConfigApplicationContext@385c9627
2019-02-21 11:35:41.682 [user_provider] [main] INFO  [org.springframework.cloud.context.scope.GenericScope] -BeanFactory id=9cd2b0be-2d3c-3a94-ac86-f771fcf46896
2019-02-21 11:35:41.707 [user_provider] [main] INFO  [org.springframework.beans.factory.annotation.AutowiredAnnotationBeanPostProcessor] -JSR-330 'javax.inject.Inject' annotation found and supported for autowiring
2019-02-21 11:35:41.796 [user_provider] [main] INFO  [org.springframework.context.support.PostProcessorRegistrationDelegate$BeanPostProcessorChecker] -Bean 'org.springframework.transaction.annotation.ProxyTransactionManagementConfiguration' of type [org.springframework.transaction.annotation.ProxyTransactionManagementConfiguration$$EnhancerBySpringCGLIB$$44a67b7] is not eligible for getting processed by all BeanPostProcessors (for example: not eligible for auto-proxying)
2019-02-21 11:35:41.840 [user_provider] [main] INFO  [org.springframework.context.support.PostProcessorRegistrationDelegate$BeanPostProcessorChecker] -Bean 'org.springframework.cloud.autoconfigure.ConfigurationPropertiesRebinderAutoConfiguration' of type [org.springframework.cloud.autoconfigure.ConfigurationPropertiesRebinderAutoConfiguration$$EnhancerBySpringCGLIB$$20646ab4] is not eligible for getting processed by all BeanPostProcessors (for example: not eligible for auto-proxying)
2019-02-21 11:35:42.278 [user_provider] [main] INFO  [org.springframework.boot.web.embedded.tomcat.TomcatWebServer] -Tomcat initialized with port(s): 8091 (http)
2019-02-21 11:35:42.294 [user_provider] [main] INFO  [org.apache.coyote.http11.Http11NioProtocol] -Initializing ProtocolHandler ["http-nio-8091"]
2019-02-21 11:35:42.303 [user_provider] [main] INFO  [org.apache.catalina.core.StandardService] -Starting service [Tomcat]
2019-02-21 11:35:42.303 [user_provider] [main] INFO  [org.apache.catalina.core.StandardEngine] -Starting Servlet Engine: Apache Tomcat/8.5.32
2019-02-21 11:35:42.311 [user_provider] [localhost-startStop-1] INFO  [org.apache.catalina.core.AprLifecycleListener] -The APR based Apache Tomcat Native library which allows optimal performance in production environments was not found on the java.library.path: [/usr/java/packages/lib/amd64:/usr/lib64:/lib64:/lib:/usr/lib]
2019-02-21 11:35:42.737 [user_provider] [localhost-startStop-1] INFO  [org.apache.catalina.core.ContainerBase.[Tomcat].[localhost].[/]] -Initializing Spring embedded WebApplicationContext
2019-02-21 11:35:42.737 [user_provider] [localhost-startStop-1] INFO  [org.springframework.web.context.ContextLoader] -Root WebApplicationContext: initialization completed in 2921 ms
2019-02-21 11:35:43.081 [user_provider] [localhost-startStop-1] WARN  [com.netflix.config.sources.URLConfigurationSource] -No URLs will be polled as dynamic configuration sources.
2019-02-21 11:35:43.082 [user_provider] [localhost-startStop-1] INFO  [com.netflix.config.sources.URLConfigurationSource] -To enable URLs as dynamic configuration sources, define System property archaius.configurationSource.additionalUrls or make config.properties available on classpath.
2019-02-21 11:35:43.104 [user_provider] [localhost-startStop-1] INFO  [com.netflix.config.DynamicPropertyFactory] -DynamicPropertyFactory is initialized with configuration sources: com.netflix.config.ConcurrentCompositeConfiguration@6d73d72a
2019-02-21 11:35:43.933 [user_provider] [localhost-startStop-1] INFO  [org.springframework.boot.web.servlet.FilterRegistrationBean] -Mapping filter: 'characterEncodingFilter' to: [/*]
2019-02-21 11:35:43.934 [user_provider] [localhost-startStop-1] INFO  [org.springframework.boot.web.servlet.FilterRegistrationBean] -Mapping filter: 'webMvcMetricsFilter' to: [/*]
2019-02-21 11:35:43.934 [user_provider] [localhost-startStop-1] INFO  [org.springframework.boot.web.servlet.FilterRegistrationBean] -Mapping filter: 'hiddenHttpMethodFilter' to: [/*]
2019-02-21 11:35:43.934 [user_provider] [localhost-startStop-1] INFO  [org.springframework.boot.web.servlet.FilterRegistrationBean] -Mapping filter: 'httpPutFormContentFilter' to: [/*]
2019-02-21 11:35:43.934 [user_provider] [localhost-startStop-1] INFO  [org.springframework.boot.web.servlet.FilterRegistrationBean] -Mapping filter: 'requestContextFilter' to: [/*]
2019-02-21 11:35:43.934 [user_provider] [localhost-startStop-1] INFO  [org.springframework.boot.web.servlet.FilterRegistrationBean] -Mapping filter: 'httpTraceFilter' to: [/*]
2019-02-21 11:35:43.934 [user_provider] [localhost-startStop-1] INFO  [org.springframework.boot.web.servlet.FilterRegistrationBean] -Mapping filter: 'corsFilter' to: [/*]
2019-02-21 11:35:43.934 [user_provider] [localhost-startStop-1] INFO  [org.springframework.boot.web.servlet.ServletRegistrationBean] -Servlet statViewServlet mapped to [/druid/*]
2019-02-21 11:35:43.935 [user_provider] [localhost-startStop-1] INFO  [org.springframework.boot.web.servlet.ServletRegistrationBean] -Servlet dispatcherServlet mapped to [/]
2019-02-21 11:35:44.950 [user_provider] [main] INFO  [com.alibaba.druid.pool.DruidDataSource] -{dataSource-1} inited
2019-02-21 11:35:45.023 [user_provider] [main] INFO  [org.springframework.orm.jpa.LocalContainerEntityManagerFactoryBean] -Building JPA container EntityManagerFactory for persistence unit 'default'
2019-02-21 11:35:45.074 [user_provider] [main] INFO  [org.hibernate.jpa.internal.util.LogHelper] -HHH000204: Processing PersistenceUnitInfo [
	name: default
	...]
2019-02-21 11:35:45.219 [user_provider] [main] INFO  [org.hibernate.Version] -HHH000412: Hibernate Core {5.2.17.Final}
2019-02-21 11:35:45.220 [user_provider] [main] INFO  [org.hibernate.cfg.Environment] -HHH000206: hibernate.properties not found
2019-02-21 11:35:45.360 [user_provider] [main] INFO  [org.hibernate.annotations.common.Version] -HCANN000001: Hibernate Commons Annotations {5.0.1.Final}
2019-02-21 11:35:45.712 [user_provider] [main] INFO  [org.hibernate.dialect.Dialect] -HHH000400: Using dialect: org.hibernate.dialect.MySQL5Dialect
2019-02-21 11:35:46.234 [user_provider] [main] INFO  [org.springframework.orm.jpa.LocalContainerEntityManagerFactoryBean] -Initialized JPA EntityManagerFactory for persistence unit 'default'
2019-02-21 11:35:46.934 [user_provider] [main] WARN  [org.springframework.boot.autoconfigure.orm.jpa.JpaBaseConfiguration$JpaWebConfiguration$JpaWebMvcConfiguration] -spring.jpa.open-in-view is enabled by default. Therefore, database queries may be performed during view rendering. Explicitly configure spring.jpa.open-in-view to disable this warning
2019-02-21 11:35:46.986 [user_provider] [main] INFO  [org.springframework.web.servlet.mvc.method.annotation.RequestMappingHandlerMapping] -Mapped "{[/user/all],methods=[GET]}" onto public java.lang.Object cn.qyd.blogroom.user.controller.UserController.getAll()
2019-02-21 11:35:46.987 [user_provider] [main] INFO  [org.springframework.web.servlet.mvc.method.annotation.RequestMappingHandlerMapping] -Mapped "{[/getUser],methods=[GET]}" onto public java.lang.String cn.qyd.blogroom.user.controller.UserController.getUser()
2019-02-21 11:35:46.989 [user_provider] [main] INFO  [org.springframework.web.servlet.mvc.method.annotation.RequestMappingHandlerMapping] -Mapped "{[/swagger-resources/configuration/security]}" onto public org.springframework.http.ResponseEntity<springfox.documentation.swagger.web.SecurityConfiguration> springfox.documentation.swagger.web.ApiResourceController.securityConfiguration()
2019-02-21 11:35:46.990 [user_provider] [main] INFO  [org.springframework.web.servlet.mvc.method.annotation.RequestMappingHandlerMapping] -Mapped "{[/swagger-resources/configuration/ui]}" onto public org.springframework.http.ResponseEntity<springfox.documentation.swagger.web.UiConfiguration> springfox.documentation.swagger.web.ApiResourceController.uiConfiguration()
2019-02-21 11:35:46.990 [user_provider] [main] INFO  [org.springframework.web.servlet.mvc.method.annotation.RequestMappingHandlerMapping] -Mapped "{[/swagger-resources]}" onto public org.springframework.http.ResponseEntity<java.util.List<springfox.documentation.swagger.web.SwaggerResource>> springfox.documentation.swagger.web.ApiResourceController.swaggerResources()
2019-02-21 11:35:46.994 [user_provider] [main] INFO  [org.springframework.web.servlet.mvc.method.annotation.RequestMappingHandlerMapping] -Mapped "{[/error],produces=[text/html]}" onto public org.springframework.web.servlet.ModelAndView org.springframework.boot.autoconfigure.web.servlet.error.BasicErrorController.errorHtml(javax.servlet.http.HttpServletRequest,javax.servlet.http.HttpServletResponse)
2019-02-21 11:35:46.994 [user_provider] [main] INFO  [org.springframework.web.servlet.mvc.method.annotation.RequestMappingHandlerMapping] -Mapped "{[/error]}" onto public org.springframework.http.ResponseEntity<java.util.Map<java.lang.String, java.lang.Object>> org.springframework.boot.autoconfigure.web.servlet.error.BasicErrorController.error(javax.servlet.http.HttpServletRequest)
2019-02-21 11:35:47.066 [user_provider] [main] INFO  [org.springframework.boot.actuate.endpoint.web.EndpointLinksResolver] -Exposing 2 endpoint(s) beneath base path '/actuator'
2019-02-21 11:35:47.075 [user_provider] [main] INFO  [org.springframework.boot.actuate.endpoint.web.servlet.WebMvcEndpointHandlerMapping] -Mapped "{[/actuator/health],methods=[GET],produces=[application/vnd.spring-boot.actuator.v2+json || application/json]}" onto public java.lang.Object org.springframework.boot.actuate.endpoint.web.servlet.AbstractWebMvcEndpointHandlerMapping$OperationHandler.handle(javax.servlet.http.HttpServletRequest,java.util.Map<java.lang.String, java.lang.String>)
2019-02-21 11:35:47.076 [user_provider] [main] INFO  [org.springframework.boot.actuate.endpoint.web.servlet.WebMvcEndpointHandlerMapping] -Mapped "{[/actuator/info],methods=[GET],produces=[application/vnd.spring-boot.actuator.v2+json || application/json]}" onto public java.lang.Object org.springframework.boot.actuate.endpoint.web.servlet.AbstractWebMvcEndpointHandlerMapping$OperationHandler.handle(javax.servlet.http.HttpServletRequest,java.util.Map<java.lang.String, java.lang.String>)
2019-02-21 11:35:47.076 [user_provider] [main] INFO  [org.springframework.boot.actuate.endpoint.web.servlet.WebMvcEndpointHandlerMapping] -Mapped "{[/actuator],methods=[GET],produces=[application/vnd.spring-boot.actuator.v2+json || application/json]}" onto protected java.util.Map<java.lang.String, java.util.Map<java.lang.String, org.springframework.boot.actuate.endpoint.web.Link>> org.springframework.boot.actuate.endpoint.web.servlet.WebMvcEndpointHandlerMapping.links(javax.servlet.http.HttpServletRequest,javax.servlet.http.HttpServletResponse)
2019-02-21 11:35:47.217 [user_provider] [main] INFO  [org.springframework.web.servlet.handler.SimpleUrlHandlerMapping] -Mapped URL path [/**/favicon.ico] onto handler of type [class org.springframework.web.servlet.resource.ResourceHttpRequestHandler]
2019-02-21 11:35:47.401 [user_provider] [main] INFO  [org.springframework.web.servlet.mvc.method.annotation.RequestMappingHandlerAdapter] -Looking for @ControllerAdvice: org.springframework.boot.web.servlet.context.AnnotationConfigServletWebServerApplicationContext@7ae42ce3: startup date [Thu Feb 21 11:35:39 CST 2019]; parent: org.springframework.context.annotation.AnnotationConfigApplicationContext@385c9627
2019-02-21 11:35:47.454 [user_provider] [main] INFO  [org.springframework.web.servlet.handler.SimpleUrlHandlerMapping] -Mapped URL path [/webjars/**] onto handler of type [class org.springframework.web.servlet.resource.ResourceHttpRequestHandler]
2019-02-21 11:35:47.455 [user_provider] [main] INFO  [org.springframework.web.servlet.handler.SimpleUrlHandlerMapping] -Mapped URL path [/**] onto handler of type [class org.springframework.web.servlet.resource.ResourceHttpRequestHandler]
2019-02-21 11:35:47.470 [user_provider] [main] INFO  [org.springframework.web.servlet.mvc.method.annotation.ExceptionHandlerExceptionResolver] -Detected @ExceptionHandler methods in globalExceptionHandler
2019-02-21 11:35:47.793 [user_provider] [main] INFO  [springfox.documentation.spring.web.PropertySourcedRequestMappingHandlerMapping] -Mapped URL path [/v2/api-docs] onto method [public org.springframework.http.ResponseEntity<springfox.documentation.spring.web.json.Json> springfox.documentation.swagger2.web.Swagger2Controller.getDocumentation(java.lang.String,javax.servlet.http.HttpServletRequest)]
2019-02-21 11:35:47.808 [user_provider] [main] WARN  [com.netflix.config.sources.URLConfigurationSource] -No URLs will be polled as dynamic configuration sources.
2019-02-21 11:35:47.809 [user_provider] [main] INFO  [com.netflix.config.sources.URLConfigurationSource] -To enable URLs as dynamic configuration sources, define System property archaius.configurationSource.additionalUrls or make config.properties available on classpath.
2019-02-21 11:35:49.203 [user_provider] [main] INFO  [org.springframework.jmx.export.annotation.AnnotationMBeanExporter] -Registering beans for JMX exposure on startup
2019-02-21 11:35:49.205 [user_provider] [main] INFO  [org.springframework.jmx.export.annotation.AnnotationMBeanExporter] -Bean with name 'druidDataSource' has been autodetected for JMX exposure
2019-02-21 11:35:49.234 [user_provider] [main] INFO  [org.springframework.jmx.export.annotation.AnnotationMBeanExporter] -Bean with name 'environmentManager' has been autodetected for JMX exposure
2019-02-21 11:35:49.236 [user_provider] [main] INFO  [org.springframework.jmx.export.annotation.AnnotationMBeanExporter] -Bean with name 'refreshScope' has been autodetected for JMX exposure
2019-02-21 11:35:49.238 [user_provider] [main] INFO  [org.springframework.jmx.export.annotation.AnnotationMBeanExporter] -Bean with name 'configurationPropertiesRebinder' has been autodetected for JMX exposure
2019-02-21 11:35:49.242 [user_provider] [main] INFO  [org.springframework.jmx.export.annotation.AnnotationMBeanExporter] -Located managed bean 'environmentManager': registering with JMX server as MBean [org.springframework.cloud.context.environment:name=environmentManager,type=EnvironmentManager]
2019-02-21 11:35:49.253 [user_provider] [main] INFO  [org.springframework.jmx.export.annotation.AnnotationMBeanExporter] -Located managed bean 'refreshScope': registering with JMX server as MBean [org.springframework.cloud.context.scope.refresh:name=refreshScope,type=RefreshScope]
2019-02-21 11:35:49.262 [user_provider] [main] INFO  [org.springframework.jmx.export.annotation.AnnotationMBeanExporter] -Located managed bean 'configurationPropertiesRebinder': registering with JMX server as MBean [org.springframework.cloud.context.properties:name=configurationPropertiesRebinder,context=7ae42ce3,type=ConfigurationPropertiesRebinder]
2019-02-21 11:35:49.269 [user_provider] [main] INFO  [org.springframework.jmx.export.annotation.AnnotationMBeanExporter] -Located MBean 'druidDataSource': registering with JMX server as MBean [com.alibaba.druid.pool:name=druidDataSource,type=DruidDataSource]
2019-02-21 11:35:49.302 [user_provider] [main] INFO  [org.springframework.context.support.DefaultLifecycleProcessor] -Starting beans in phase 0
2019-02-21 11:35:49.319 [user_provider] [main] INFO  [org.springframework.cloud.netflix.eureka.InstanceInfoFactory] -Setting initial instance status as: STARTING
2019-02-21 11:35:49.382 [user_provider] [main] INFO  [com.netflix.discovery.DiscoveryClient] -Initializing Eureka in region us-east-1
2019-02-21 11:35:49.976 [user_provider] [main] INFO  [com.netflix.discovery.provider.DiscoveryJerseyProvider] -Using JSON encoding codec LegacyJacksonJson
2019-02-21 11:35:49.977 [user_provider] [main] INFO  [com.netflix.discovery.provider.DiscoveryJerseyProvider] -Using JSON decoding codec LegacyJacksonJson
2019-02-21 11:35:50.261 [user_provider] [main] INFO  [com.netflix.discovery.provider.DiscoveryJerseyProvider] -Using XML encoding codec XStreamXml
2019-02-21 11:35:50.262 [user_provider] [main] INFO  [com.netflix.discovery.provider.DiscoveryJerseyProvider] -Using XML decoding codec XStreamXml
2019-02-21 11:35:50.636 [user_provider] [main] INFO  [com.netflix.discovery.shared.resolver.aws.ConfigClusterResolver] -Resolving eureka endpoints via configuration
2019-02-21 11:35:50.672 [user_provider] [main] INFO  [com.netflix.discovery.DiscoveryClient] -Disable delta property : false
2019-02-21 11:35:50.672 [user_provider] [main] INFO  [com.netflix.discovery.DiscoveryClient] -Single vip registry refresh property : null
2019-02-21 11:35:50.672 [user_provider] [main] INFO  [com.netflix.discovery.DiscoveryClient] -Force full registry fetch : false
2019-02-21 11:35:50.672 [user_provider] [main] INFO  [com.netflix.discovery.DiscoveryClient] -Application is null : false
2019-02-21 11:35:50.672 [user_provider] [main] INFO  [com.netflix.discovery.DiscoveryClient] -Registered Applications size is zero : true
2019-02-21 11:35:50.672 [user_provider] [main] INFO  [com.netflix.discovery.DiscoveryClient] -Application version is -1: true
2019-02-21 11:35:50.672 [user_provider] [main] INFO  [com.netflix.discovery.DiscoveryClient] -Getting all instance registry info from the eureka server
2019-02-21 11:35:50.869 [user_provider] [main] INFO  [com.netflix.discovery.DiscoveryClient] -The response status is 200
2019-02-21 11:35:50.871 [user_provider] [main] INFO  [com.netflix.discovery.DiscoveryClient] -Starting heartbeat executor: renew interval is: 30
2019-02-21 11:35:50.877 [user_provider] [main] INFO  [com.netflix.discovery.InstanceInfoReplicator] -InstanceInfoReplicator onDemand update allowed rate per min is 4
2019-02-21 11:35:50.882 [user_provider] [main] INFO  [com.netflix.discovery.DiscoveryClient] -Discovery Client initialized at timestamp 1550720150880 with initial instances count: 1
2019-02-21 11:35:50.888 [user_provider] [main] INFO  [org.springframework.cloud.netflix.eureka.serviceregistry.EurekaServiceRegistry] -Registering application USER-PROVIDER with eureka with status UP
2019-02-21 11:35:50.888 [user_provider] [main] INFO  [com.netflix.discovery.DiscoveryClient] -Saw local status change event StatusChangeEvent [timestamp=1550720150888, current=UP, previous=STARTING]
2019-02-21 11:35:50.889 [user_provider] [DiscoveryClient-InstanceInfoReplicator-0] INFO  [com.netflix.discovery.DiscoveryClient] -DiscoveryClient_USER-PROVIDER/192.168.1.167:8091: registering service...
2019-02-21 11:35:50.903 [user_provider] [main] INFO  [org.springframework.context.support.DefaultLifecycleProcessor] -Starting beans in phase 2147483647
2019-02-21 11:35:50.903 [user_provider] [main] INFO  [springfox.documentation.spring.web.plugins.DocumentationPluginsBootstrapper] -Context refreshed
2019-02-21 11:35:50.963 [user_provider] [main] INFO  [springfox.documentation.spring.web.plugins.DocumentationPluginsBootstrapper] -Found 1 custom documentation plugin(s)
2019-02-21 11:35:51.010 [user_provider] [main] INFO  [springfox.documentation.spring.web.scanners.ApiListingReferenceScanner] -Scanning for api listing references
2019-02-21 11:35:51.047 [user_provider] [DiscoveryClient-InstanceInfoReplicator-0] INFO  [com.netflix.discovery.DiscoveryClient] -DiscoveryClient_USER-PROVIDER/192.168.1.167:8091 - registration status: 204
2019-02-21 11:35:51.192 [user_provider] [main] INFO  [springfox.documentation.spring.web.readers.operation.CachingOperationNameGenerator] -Generating unique operation named: handleUsingGET_1
2019-02-21 11:35:51.285 [user_provider] [main] INFO  [org.apache.coyote.http11.Http11NioProtocol] -Starting ProtocolHandler ["http-nio-8091"]
2019-02-21 11:35:51.289 [user_provider] [main] INFO  [org.apache.tomcat.util.net.NioSelectorPool] -Using a shared selector for servlet write/read
2019-02-21 11:35:51.319 [user_provider] [main] INFO  [org.springframework.boot.web.embedded.tomcat.TomcatWebServer] -Tomcat started on port(s): 8091 (http) with context path ''
2019-02-21 11:35:51.327 [user_provider] [main] INFO  [org.springframework.cloud.netflix.eureka.serviceregistry.EurekaAutoServiceRegistration] -Updating port to 8091
2019-02-21 11:35:51.339 [user_provider] [main] INFO  [cn.qyd.blogroom.user.UserServiceProvider] -Started UserServiceProvider in 13.952 seconds (JVM running for 14.79)
2019-02-21 11:35:51.666 [user_provider] [RMI TCP Connection(9)-127.0.0.1] INFO  [org.apache.catalina.core.ContainerBase.[Tomcat].[localhost].[/]] -Initializing Spring FrameworkServlet 'dispatcherServlet'
2019-02-21 11:35:51.666 [user_provider] [RMI TCP Connection(9)-127.0.0.1] INFO  [org.springframework.web.servlet.DispatcherServlet] -FrameworkServlet 'dispatcherServlet': initialization started
2019-02-21 11:35:51.814 [user_provider] [RMI TCP Connection(9)-127.0.0.1] INFO  [org.springframework.web.servlet.DispatcherServlet] -FrameworkServlet 'dispatcherServlet': initialization completed in 148 ms
2019-02-21 11:40:12.889 [user_provider] [Thread-36] INFO  [org.springframework.boot.web.servlet.context.AnnotationConfigServletWebServerApplicationContext] -Closing org.springframework.boot.web.servlet.context.AnnotationConfigServletWebServerApplicationContext@7ae42ce3: startup date [Thu Feb 21 11:35:39 CST 2019]; parent: org.springframework.context.annotation.AnnotationConfigApplicationContext@385c9627
2019-02-21 11:40:12.891 [user_provider] [Thread-36] INFO  [org.springframework.cloud.netflix.eureka.serviceregistry.EurekaServiceRegistry] -Unregistering application USER-PROVIDER with eureka with status DOWN
2019-02-21 11:40:12.891 [user_provider] [Thread-36] WARN  [com.netflix.discovery.DiscoveryClient] -Saw local status change event StatusChangeEvent [timestamp=1550720412891, current=DOWN, previous=UP]
2019-02-21 11:40:12.892 [user_provider] [DiscoveryClient-InstanceInfoReplicator-0] INFO  [com.netflix.discovery.DiscoveryClient] -DiscoveryClient_USER-PROVIDER/192.168.1.167:8091: registering service...
2019-02-21 11:40:12.901 [user_provider] [Thread-36] INFO  [org.springframework.context.support.DefaultLifecycleProcessor] -Stopping beans in phase 2147483647
2019-02-21 11:40:12.902 [user_provider] [Thread-36] INFO  [org.springframework.context.support.DefaultLifecycleProcessor] -Stopping beans in phase 0
2019-02-21 11:40:12.905 [user_provider] [Thread-36] INFO  [org.springframework.jmx.export.annotation.AnnotationMBeanExporter] -Unregistering JMX-exposed beans on shutdown
2019-02-21 11:40:12.907 [user_provider] [Thread-36] INFO  [org.springframework.jmx.export.annotation.AnnotationMBeanExporter] -Unregistering JMX-exposed beans
2019-02-21 11:40:12.908 [user_provider] [DiscoveryClient-InstanceInfoReplicator-0] INFO  [com.netflix.discovery.DiscoveryClient] -DiscoveryClient_USER-PROVIDER/192.168.1.167:8091 - registration status: 204
2019-02-21 11:40:12.912 [user_provider] [Thread-36] INFO  [org.springframework.orm.jpa.LocalContainerEntityManagerFactoryBean] -Closing JPA EntityManagerFactory for persistence unit 'default'
2019-02-21 11:40:12.968 [user_provider] [Thread-36] INFO  [com.alibaba.druid.pool.DruidDataSource] -{dataSource-1} closed
2019-02-21 11:40:12.969 [user_provider] [Thread-36] INFO  [com.netflix.discovery.DiscoveryClient] -Shutting down DiscoveryClient ...
2019-02-21 11:40:12.972 [user_provider] [Thread-36] WARN  [org.springframework.context.annotation.CommonAnnotationBeanPostProcessor] -Invocation of destroy method failed on bean with name 'scopedTarget.eurekaClient': org.springframework.beans.factory.BeanCreationNotAllowedException: Error creating bean with name 'eurekaInstanceConfigBean': Singleton bean creation not allowed while singletons of this factory are in destruction (Do not request a bean from a BeanFactory in a destroy method implementation!)
2019-02-21 11:51:15.698 [user_provider] [main] INFO  [org.springframework.context.annotation.AnnotationConfigApplicationContext] -Refreshing org.springframework.context.annotation.AnnotationConfigApplicationContext@9d5509a: startup date [Thu Feb 21 11:51:15 CST 2019]; root of context hierarchy
2019-02-21 11:51:15.901 [user_provider] [main] INFO  [org.springframework.beans.factory.annotation.AutowiredAnnotationBeanPostProcessor] -JSR-330 'javax.inject.Inject' annotation found and supported for autowiring
2019-02-21 11:51:15.940 [user_provider] [main] INFO  [org.springframework.context.support.PostProcessorRegistrationDelegate$BeanPostProcessorChecker] -Bean 'configurationPropertiesRebinderAutoConfiguration' of type [org.springframework.cloud.autoconfigure.ConfigurationPropertiesRebinderAutoConfiguration$$EnhancerBySpringCGLIB$$4bb6aed9] is not eligible for getting processed by all BeanPostProcessors (for example: not eligible for auto-proxying)
2019-02-21 11:51:16.366 [user_provider] [main] INFO  [cn.qyd.blogroom.user.UserServiceProvider] -The following profiles are active: dev
2019-02-21 11:51:16.386 [user_provider] [main] INFO  [org.springframework.boot.web.servlet.context.AnnotationConfigServletWebServerApplicationContext] -Refreshing org.springframework.boot.web.servlet.context.AnnotationConfigServletWebServerApplicationContext@76f4b65: startup date [Thu Feb 21 11:51:16 CST 2019]; parent: org.springframework.context.annotation.AnnotationConfigApplicationContext@9d5509a
2019-02-21 11:51:26.104 [user_provider] [main] INFO  [org.springframework.cloud.context.scope.GenericScope] -BeanFactory id=9cd2b0be-2d3c-3a94-ac86-f771fcf46896
2019-02-21 11:51:28.459 [user_provider] [main] INFO  [org.springframework.beans.factory.annotation.AutowiredAnnotationBeanPostProcessor] -JSR-330 'javax.inject.Inject' annotation found and supported for autowiring
2019-02-21 11:51:30.395 [user_provider] [main] INFO  [org.springframework.context.support.PostProcessorRegistrationDelegate$BeanPostProcessorChecker] -Bean 'org.springframework.transaction.annotation.ProxyTransactionManagementConfiguration' of type [org.springframework.transaction.annotation.ProxyTransactionManagementConfiguration$$EnhancerBySpringCGLIB$$2f9cabdc] is not eligible for getting processed by all BeanPostProcessors (for example: not eligible for auto-proxying)
2019-02-21 11:51:31.572 [user_provider] [main] INFO  [org.springframework.context.support.PostProcessorRegistrationDelegate$BeanPostProcessorChecker] -Bean 'org.springframework.cloud.autoconfigure.ConfigurationPropertiesRebinderAutoConfiguration' of type [org.springframework.cloud.autoconfigure.ConfigurationPropertiesRebinderAutoConfiguration$$EnhancerBySpringCGLIB$$4bb6aed9] is not eligible for getting processed by all BeanPostProcessors (for example: not eligible for auto-proxying)
2019-02-21 11:51:34.576 [user_provider] [main] INFO  [org.springframework.boot.web.embedded.tomcat.TomcatWebServer] -Tomcat initialized with port(s): 8091 (http)
2019-02-21 11:51:34.785 [user_provider] [main] INFO  [org.apache.coyote.http11.Http11NioProtocol] -Initializing ProtocolHandler ["http-nio-8091"]
2019-02-21 11:51:34.856 [user_provider] [main] INFO  [org.apache.catalina.core.StandardService] -Starting service [Tomcat]
2019-02-21 11:51:34.857 [user_provider] [main] INFO  [org.apache.catalina.core.StandardEngine] -Starting Servlet Engine: Apache Tomcat/8.5.32
2019-02-21 11:51:34.889 [user_provider] [localhost-startStop-1] INFO  [org.apache.catalina.core.AprLifecycleListener] -The APR based Apache Tomcat Native library which allows optimal performance in production environments was not found on the java.library.path: [/usr/java/packages/lib/amd64:/usr/lib64:/lib64:/lib:/usr/lib]
2019-02-21 11:51:38.381 [user_provider] [localhost-startStop-1] INFO  [org.apache.catalina.core.ContainerBase.[Tomcat].[localhost].[/]] -Initializing Spring embedded WebApplicationContext
2019-02-21 11:51:38.382 [user_provider] [localhost-startStop-1] INFO  [org.springframework.web.context.ContextLoader] -Root WebApplicationContext: initialization completed in 21996 ms
2019-02-21 11:51:39.052 [user_provider] [localhost-startStop-1] WARN  [com.netflix.config.sources.URLConfigurationSource] -No URLs will be polled as dynamic configuration sources.
2019-02-21 11:51:39.053 [user_provider] [localhost-startStop-1] INFO  [com.netflix.config.sources.URLConfigurationSource] -To enable URLs as dynamic configuration sources, define System property archaius.configurationSource.additionalUrls or make config.properties available on classpath.
2019-02-21 11:51:39.127 [user_provider] [localhost-startStop-1] INFO  [com.netflix.config.DynamicPropertyFactory] -DynamicPropertyFactory is initialized with configuration sources: com.netflix.config.ConcurrentCompositeConfiguration@573e666c
2019-02-21 11:51:43.473 [user_provider] [localhost-startStop-1] INFO  [org.springframework.boot.web.servlet.FilterRegistrationBean] -Mapping filter: 'characterEncodingFilter' to: [/*]
2019-02-21 11:51:43.474 [user_provider] [localhost-startStop-1] INFO  [org.springframework.boot.web.servlet.FilterRegistrationBean] -Mapping filter: 'webMvcMetricsFilter' to: [/*]
2019-02-21 11:51:43.474 [user_provider] [localhost-startStop-1] INFO  [org.springframework.boot.web.servlet.FilterRegistrationBean] -Mapping filter: 'hiddenHttpMethodFilter' to: [/*]
2019-02-21 11:51:43.474 [user_provider] [localhost-startStop-1] INFO  [org.springframework.boot.web.servlet.FilterRegistrationBean] -Mapping filter: 'httpPutFormContentFilter' to: [/*]
2019-02-21 11:51:43.474 [user_provider] [localhost-startStop-1] INFO  [org.springframework.boot.web.servlet.FilterRegistrationBean] -Mapping filter: 'requestContextFilter' to: [/*]
2019-02-21 11:51:43.474 [user_provider] [localhost-startStop-1] INFO  [org.springframework.boot.web.servlet.FilterRegistrationBean] -Mapping filter: 'httpTraceFilter' to: [/*]
2019-02-21 11:51:43.474 [user_provider] [localhost-startStop-1] INFO  [org.springframework.boot.web.servlet.FilterRegistrationBean] -Mapping filter: 'corsFilter' to: [/*]
2019-02-21 11:51:43.474 [user_provider] [localhost-startStop-1] INFO  [org.springframework.boot.web.servlet.ServletRegistrationBean] -Servlet statViewServlet mapped to [/druid/*]
2019-02-21 11:51:43.477 [user_provider] [localhost-startStop-1] INFO  [org.springframework.boot.web.servlet.ServletRegistrationBean] -Servlet dispatcherServlet mapped to [/]
2019-02-21 11:51:44.465 [user_provider] [main] INFO  [com.alibaba.druid.pool.DruidDataSource] -{dataSource-1} inited
2019-02-21 11:51:44.624 [user_provider] [main] INFO  [org.springframework.orm.jpa.LocalContainerEntityManagerFactoryBean] -Building JPA container EntityManagerFactory for persistence unit 'default'
2019-02-21 11:51:44.655 [user_provider] [main] INFO  [org.hibernate.jpa.internal.util.LogHelper] -HHH000204: Processing PersistenceUnitInfo [
	name: default
	...]
2019-02-21 11:51:44.809 [user_provider] [main] INFO  [org.hibernate.Version] -HHH000412: Hibernate Core {5.2.17.Final}
2019-02-21 11:51:44.811 [user_provider] [main] INFO  [org.hibernate.cfg.Environment] -HHH000206: hibernate.properties not found
2019-02-21 11:51:44.964 [user_provider] [main] INFO  [org.hibernate.annotations.common.Version] -HCANN000001: Hibernate Commons Annotations {5.0.1.Final}
2019-02-21 11:51:45.293 [user_provider] [main] INFO  [org.hibernate.dialect.Dialect] -HHH000400: Using dialect: org.hibernate.dialect.MySQL5Dialect
2019-02-21 11:51:46.023 [user_provider] [main] INFO  [org.springframework.orm.jpa.LocalContainerEntityManagerFactoryBean] -Initialized JPA EntityManagerFactory for persistence unit 'default'
2019-02-21 11:51:47.835 [user_provider] [main] WARN  [org.springframework.boot.autoconfigure.orm.jpa.JpaBaseConfiguration$JpaWebConfiguration$JpaWebMvcConfiguration] -spring.jpa.open-in-view is enabled by default. Therefore, database queries may be performed during view rendering. Explicitly configure spring.jpa.open-in-view to disable this warning
2019-02-21 11:51:47.938 [user_provider] [main] INFO  [org.springframework.web.servlet.mvc.method.annotation.RequestMappingHandlerMapping] -Mapped "{[/user/all],methods=[GET]}" onto public java.lang.Object cn.qyd.blogroom.user.controller.UserController.getAll()
2019-02-21 11:51:47.939 [user_provider] [main] INFO  [org.springframework.web.servlet.mvc.method.annotation.RequestMappingHandlerMapping] -Mapped "{[/getUser],methods=[GET]}" onto public java.lang.String cn.qyd.blogroom.user.controller.UserController.getUser()
2019-02-21 11:51:47.942 [user_provider] [main] INFO  [org.springframework.web.servlet.mvc.method.annotation.RequestMappingHandlerMapping] -Mapped "{[/swagger-resources/configuration/security]}" onto public org.springframework.http.ResponseEntity<springfox.documentation.swagger.web.SecurityConfiguration> springfox.documentation.swagger.web.ApiResourceController.securityConfiguration()
2019-02-21 11:51:47.942 [user_provider] [main] INFO  [org.springframework.web.servlet.mvc.method.annotation.RequestMappingHandlerMapping] -Mapped "{[/swagger-resources/configuration/ui]}" onto public org.springframework.http.ResponseEntity<springfox.documentation.swagger.web.UiConfiguration> springfox.documentation.swagger.web.ApiResourceController.uiConfiguration()
2019-02-21 11:51:47.943 [user_provider] [main] INFO  [org.springframework.web.servlet.mvc.method.annotation.RequestMappingHandlerMapping] -Mapped "{[/swagger-resources]}" onto public org.springframework.http.ResponseEntity<java.util.List<springfox.documentation.swagger.web.SwaggerResource>> springfox.documentation.swagger.web.ApiResourceController.swaggerResources()
2019-02-21 11:51:47.947 [user_provider] [main] INFO  [org.springframework.web.servlet.mvc.method.annotation.RequestMappingHandlerMapping] -Mapped "{[/error],produces=[text/html]}" onto public org.springframework.web.servlet.ModelAndView org.springframework.boot.autoconfigure.web.servlet.error.BasicErrorController.errorHtml(javax.servlet.http.HttpServletRequest,javax.servlet.http.HttpServletResponse)
2019-02-21 11:51:47.948 [user_provider] [main] INFO  [org.springframework.web.servlet.mvc.method.annotation.RequestMappingHandlerMapping] -Mapped "{[/error]}" onto public org.springframework.http.ResponseEntity<java.util.Map<java.lang.String, java.lang.Object>> org.springframework.boot.autoconfigure.web.servlet.error.BasicErrorController.error(javax.servlet.http.HttpServletRequest)
2019-02-21 11:51:48.182 [user_provider] [main] INFO  [org.springframework.boot.actuate.endpoint.web.EndpointLinksResolver] -Exposing 2 endpoint(s) beneath base path '/actuator'
2019-02-21 11:51:48.193 [user_provider] [main] INFO  [org.springframework.boot.actuate.endpoint.web.servlet.WebMvcEndpointHandlerMapping] -Mapped "{[/actuator/health],methods=[GET],produces=[application/vnd.spring-boot.actuator.v2+json || application/json]}" onto public java.lang.Object org.springframework.boot.actuate.endpoint.web.servlet.AbstractWebMvcEndpointHandlerMapping$OperationHandler.handle(javax.servlet.http.HttpServletRequest,java.util.Map<java.lang.String, java.lang.String>)
2019-02-21 11:51:48.196 [user_provider] [main] INFO  [org.springframework.boot.actuate.endpoint.web.servlet.WebMvcEndpointHandlerMapping] -Mapped "{[/actuator/info],methods=[GET],produces=[application/vnd.spring-boot.actuator.v2+json || application/json]}" onto public java.lang.Object org.springframework.boot.actuate.endpoint.web.servlet.AbstractWebMvcEndpointHandlerMapping$OperationHandler.handle(javax.servlet.http.HttpServletRequest,java.util.Map<java.lang.String, java.lang.String>)
2019-02-21 11:51:48.199 [user_provider] [main] INFO  [org.springframework.boot.actuate.endpoint.web.servlet.WebMvcEndpointHandlerMapping] -Mapped "{[/actuator],methods=[GET],produces=[application/vnd.spring-boot.actuator.v2+json || application/json]}" onto protected java.util.Map<java.lang.String, java.util.Map<java.lang.String, org.springframework.boot.actuate.endpoint.web.Link>> org.springframework.boot.actuate.endpoint.web.servlet.WebMvcEndpointHandlerMapping.links(javax.servlet.http.HttpServletRequest,javax.servlet.http.HttpServletResponse)
2019-02-21 11:51:48.388 [user_provider] [main] INFO  [org.springframework.web.servlet.handler.SimpleUrlHandlerMapping] -Mapped URL path [/**/favicon.ico] onto handler of type [class org.springframework.web.servlet.resource.ResourceHttpRequestHandler]
2019-02-21 11:51:49.198 [user_provider] [main] INFO  [org.springframework.web.servlet.mvc.method.annotation.RequestMappingHandlerAdapter] -Looking for @ControllerAdvice: org.springframework.boot.web.servlet.context.AnnotationConfigServletWebServerApplicationContext@76f4b65: startup date [Thu Feb 21 11:51:16 CST 2019]; parent: org.springframework.context.annotation.AnnotationConfigApplicationContext@9d5509a
2019-02-21 11:51:49.784 [user_provider] [main] INFO  [org.springframework.web.servlet.handler.SimpleUrlHandlerMapping] -Mapped URL path [/webjars/**] onto handler of type [class org.springframework.web.servlet.resource.ResourceHttpRequestHandler]
2019-02-21 11:51:49.785 [user_provider] [main] INFO  [org.springframework.web.servlet.handler.SimpleUrlHandlerMapping] -Mapped URL path [/**] onto handler of type [class org.springframework.web.servlet.resource.ResourceHttpRequestHandler]
2019-02-21 11:51:49.818 [user_provider] [main] INFO  [org.springframework.web.servlet.mvc.method.annotation.ExceptionHandlerExceptionResolver] -Detected @ExceptionHandler methods in globalExceptionHandler
2019-02-21 11:51:50.298 [user_provider] [main] INFO  [springfox.documentation.spring.web.PropertySourcedRequestMappingHandlerMapping] -Mapped URL path [/v2/api-docs] onto method [public org.springframework.http.ResponseEntity<springfox.documentation.spring.web.json.Json> springfox.documentation.swagger2.web.Swagger2Controller.getDocumentation(java.lang.String,javax.servlet.http.HttpServletRequest)]
2019-02-21 11:51:50.313 [user_provider] [main] WARN  [com.netflix.config.sources.URLConfigurationSource] -No URLs will be polled as dynamic configuration sources.
2019-02-21 11:51:50.314 [user_provider] [main] INFO  [com.netflix.config.sources.URLConfigurationSource] -To enable URLs as dynamic configuration sources, define System property archaius.configurationSource.additionalUrls or make config.properties available on classpath.
2019-02-21 11:51:54.301 [user_provider] [main] INFO  [org.springframework.jmx.export.annotation.AnnotationMBeanExporter] -Registering beans for JMX exposure on startup
2019-02-21 11:51:54.305 [user_provider] [main] INFO  [org.springframework.jmx.export.annotation.AnnotationMBeanExporter] -Bean with name 'druidDataSource' has been autodetected for JMX exposure
2019-02-21 11:51:54.342 [user_provider] [main] INFO  [org.springframework.jmx.export.annotation.AnnotationMBeanExporter] -Bean with name 'environmentManager' has been autodetected for JMX exposure
2019-02-21 11:51:54.344 [user_provider] [main] INFO  [org.springframework.jmx.export.annotation.AnnotationMBeanExporter] -Bean with name 'refreshScope' has been autodetected for JMX exposure
2019-02-21 11:51:54.346 [user_provider] [main] INFO  [org.springframework.jmx.export.annotation.AnnotationMBeanExporter] -Bean with name 'configurationPropertiesRebinder' has been autodetected for JMX exposure
2019-02-21 11:51:54.352 [user_provider] [main] INFO  [org.springframework.jmx.export.annotation.AnnotationMBeanExporter] -Located managed bean 'environmentManager': registering with JMX server as MBean [org.springframework.cloud.context.environment:name=environmentManager,type=EnvironmentManager]
2019-02-21 11:51:54.361 [user_provider] [main] INFO  [org.springframework.jmx.export.annotation.AnnotationMBeanExporter] -Located managed bean 'refreshScope': registering with JMX server as MBean [org.springframework.cloud.context.scope.refresh:name=refreshScope,type=RefreshScope]
2019-02-21 11:51:54.373 [user_provider] [main] INFO  [org.springframework.jmx.export.annotation.AnnotationMBeanExporter] -Located managed bean 'configurationPropertiesRebinder': registering with JMX server as MBean [org.springframework.cloud.context.properties:name=configurationPropertiesRebinder,context=76f4b65,type=ConfigurationPropertiesRebinder]
2019-02-21 11:51:54.383 [user_provider] [main] INFO  [org.springframework.jmx.export.annotation.AnnotationMBeanExporter] -Located MBean 'druidDataSource': registering with JMX server as MBean [com.alibaba.druid.pool:name=druidDataSource,type=DruidDataSource]
2019-02-21 11:51:54.391 [user_provider] [main] INFO  [org.springframework.context.support.DefaultLifecycleProcessor] -Starting beans in phase 0
2019-02-21 11:51:54.463 [user_provider] [main] INFO  [org.springframework.cloud.netflix.eureka.InstanceInfoFactory] -Setting initial instance status as: STARTING
2019-02-21 11:51:54.609 [user_provider] [main] INFO  [com.netflix.discovery.DiscoveryClient] -Initializing Eureka in region us-east-1
2019-02-21 11:51:56.828 [user_provider] [main] INFO  [com.netflix.discovery.provider.DiscoveryJerseyProvider] -Using JSON encoding codec LegacyJacksonJson
2019-02-21 11:51:56.829 [user_provider] [main] INFO  [com.netflix.discovery.provider.DiscoveryJerseyProvider] -Using JSON decoding codec LegacyJacksonJson
2019-02-21 11:51:57.928 [user_provider] [main] INFO  [com.netflix.discovery.provider.DiscoveryJerseyProvider] -Using XML encoding codec XStreamXml
2019-02-21 11:51:57.928 [user_provider] [main] INFO  [com.netflix.discovery.provider.DiscoveryJerseyProvider] -Using XML decoding codec XStreamXml
2019-02-21 11:51:59.499 [user_provider] [main] INFO  [com.netflix.discovery.shared.resolver.aws.ConfigClusterResolver] -Resolving eureka endpoints via configuration
2019-02-21 11:51:59.658 [user_provider] [main] INFO  [com.netflix.discovery.DiscoveryClient] -Disable delta property : false
2019-02-21 11:51:59.659 [user_provider] [main] INFO  [com.netflix.discovery.DiscoveryClient] -Single vip registry refresh property : null
2019-02-21 11:51:59.660 [user_provider] [main] INFO  [com.netflix.discovery.DiscoveryClient] -Force full registry fetch : false
2019-02-21 11:51:59.660 [user_provider] [main] INFO  [com.netflix.discovery.DiscoveryClient] -Application is null : false
2019-02-21 11:51:59.660 [user_provider] [main] INFO  [com.netflix.discovery.DiscoveryClient] -Registered Applications size is zero : true
2019-02-21 11:51:59.661 [user_provider] [main] INFO  [com.netflix.discovery.DiscoveryClient] -Application version is -1: true
2019-02-21 11:51:59.661 [user_provider] [main] INFO  [com.netflix.discovery.DiscoveryClient] -Getting all instance registry info from the eureka server
2019-02-21 11:52:00.705 [user_provider] [main] INFO  [com.netflix.discovery.DiscoveryClient] -The response status is 200
2019-02-21 11:52:00.811 [user_provider] [main] INFO  [com.netflix.discovery.DiscoveryClient] -Starting heartbeat executor: renew interval is: 30
2019-02-21 11:52:00.816 [user_provider] [main] INFO  [com.netflix.discovery.InstanceInfoReplicator] -InstanceInfoReplicator onDemand update allowed rate per min is 4
2019-02-21 11:52:00.880 [user_provider] [main] INFO  [com.netflix.discovery.DiscoveryClient] -Discovery Client initialized at timestamp 1550721120823 with initial instances count: 1
2019-02-21 11:52:00.901 [user_provider] [main] INFO  [org.springframework.cloud.netflix.eureka.serviceregistry.EurekaServiceRegistry] -Registering application USER-PROVIDER with eureka with status UP
2019-02-21 11:52:00.904 [user_provider] [main] INFO  [com.netflix.discovery.DiscoveryClient] -Saw local status change event StatusChangeEvent [timestamp=1550721120904, current=UP, previous=STARTING]
2019-02-21 11:52:00.919 [user_provider] [DiscoveryClient-InstanceInfoReplicator-0] INFO  [com.netflix.discovery.DiscoveryClient] -DiscoveryClient_USER-PROVIDER/192.168.1.167:8091: registering service...
2019-02-21 11:52:01.006 [user_provider] [main] INFO  [org.springframework.context.support.DefaultLifecycleProcessor] -Starting beans in phase 2147483647
2019-02-21 11:52:01.010 [user_provider] [main] INFO  [springfox.documentation.spring.web.plugins.DocumentationPluginsBootstrapper] -Context refreshed
2019-02-21 11:52:01.325 [user_provider] [DiscoveryClient-InstanceInfoReplicator-0] INFO  [com.netflix.discovery.DiscoveryClient] -DiscoveryClient_USER-PROVIDER/192.168.1.167:8091 - registration status: 204
2019-02-21 11:52:01.341 [user_provider] [main] INFO  [springfox.documentation.spring.web.plugins.DocumentationPluginsBootstrapper] -Found 1 custom documentation plugin(s)
2019-02-21 11:52:01.469 [user_provider] [main] INFO  [springfox.documentation.spring.web.scanners.ApiListingReferenceScanner] -Scanning for api listing references
2019-02-21 11:52:01.794 [user_provider] [main] INFO  [springfox.documentation.spring.web.readers.operation.CachingOperationNameGenerator] -Generating unique operation named: handleUsingGET_1
2019-02-21 11:52:01.840 [user_provider] [main] INFO  [org.apache.coyote.http11.Http11NioProtocol] -Starting ProtocolHandler ["http-nio-8091"]
2019-02-21 11:52:01.900 [user_provider] [main] INFO  [org.apache.tomcat.util.net.NioSelectorPool] -Using a shared selector for servlet write/read
2019-02-21 11:52:02.013 [user_provider] [main] INFO  [org.springframework.boot.web.embedded.tomcat.TomcatWebServer] -Tomcat started on port(s): 8091 (http) with context path ''
2019-02-21 11:52:02.022 [user_provider] [main] INFO  [org.springframework.cloud.netflix.eureka.serviceregistry.EurekaAutoServiceRegistration] -Updating port to 8091
2019-02-21 11:52:02.043 [user_provider] [main] INFO  [cn.qyd.blogroom.user.UserServiceProvider] -Started UserServiceProvider in 47.828 seconds (JVM running for 48.582)
2019-02-21 11:52:02.404 [user_provider] [RMI TCP Connection(19)-127.0.0.1] INFO  [org.apache.catalina.core.ContainerBase.[Tomcat].[localhost].[/]] -Initializing Spring FrameworkServlet 'dispatcherServlet'
2019-02-21 11:52:02.404 [user_provider] [RMI TCP Connection(19)-127.0.0.1] INFO  [org.springframework.web.servlet.DispatcherServlet] -FrameworkServlet 'dispatcherServlet': initialization started
2019-02-21 11:52:02.500 [user_provider] [RMI TCP Connection(19)-127.0.0.1] INFO  [org.springframework.web.servlet.DispatcherServlet] -FrameworkServlet 'dispatcherServlet': initialization completed in 96 ms
2019-02-21 11:56:59.667 [user_provider] [AsyncResolver-bootstrap-executor-0] INFO  [com.netflix.discovery.shared.resolver.aws.ConfigClusterResolver] -Resolving eureka endpoints via configuration
2019-02-21 12:01:59.671 [user_provider] [AsyncResolver-bootstrap-executor-0] INFO  [com.netflix.discovery.shared.resolver.aws.ConfigClusterResolver] -Resolving eureka endpoints via configuration
2019-02-21 12:06:59.672 [user_provider] [AsyncResolver-bootstrap-executor-0] INFO  [com.netflix.discovery.shared.resolver.aws.ConfigClusterResolver] -Resolving eureka endpoints via configuration
2019-02-21 12:11:59.673 [user_provider] [AsyncResolver-bootstrap-executor-0] INFO  [com.netflix.discovery.shared.resolver.aws.ConfigClusterResolver] -Resolving eureka endpoints via configuration
2019-02-21 12:16:59.688 [user_provider] [AsyncResolver-bootstrap-executor-0] INFO  [com.netflix.discovery.shared.resolver.aws.ConfigClusterResolver] -Resolving eureka endpoints via configuration
2019-02-21 12:21:59.696 [user_provider] [AsyncResolver-bootstrap-executor-0] INFO  [com.netflix.discovery.shared.resolver.aws.ConfigClusterResolver] -Resolving eureka endpoints via configuration
2019-02-21 12:26:59.703 [user_provider] [AsyncResolver-bootstrap-executor-0] INFO  [com.netflix.discovery.shared.resolver.aws.ConfigClusterResolver] -Resolving eureka endpoints via configuration
2019-02-21 12:31:59.704 [user_provider] [AsyncResolver-bootstrap-executor-0] INFO  [com.netflix.discovery.shared.resolver.aws.ConfigClusterResolver] -Resolving eureka endpoints via configuration
2019-02-21 12:36:59.705 [user_provider] [AsyncResolver-bootstrap-executor-0] INFO  [com.netflix.discovery.shared.resolver.aws.ConfigClusterResolver] -Resolving eureka endpoints via configuration
2019-02-21 12:41:59.706 [user_provider] [AsyncResolver-bootstrap-executor-0] INFO  [com.netflix.discovery.shared.resolver.aws.ConfigClusterResolver] -Resolving eureka endpoints via configuration
2019-02-21 12:46:59.707 [user_provider] [AsyncResolver-bootstrap-executor-0] INFO  [com.netflix.discovery.shared.resolver.aws.ConfigClusterResolver] -Resolving eureka endpoints via configuration
2019-02-21 12:51:59.707 [user_provider] [AsyncResolver-bootstrap-executor-0] INFO  [com.netflix.discovery.shared.resolver.aws.ConfigClusterResolver] -Resolving eureka endpoints via configuration
2019-02-21 12:56:59.708 [user_provider] [AsyncResolver-bootstrap-executor-0] INFO  [com.netflix.discovery.shared.resolver.aws.ConfigClusterResolver] -Resolving eureka endpoints via configuration
2019-02-21 13:01:59.709 [user_provider] [AsyncResolver-bootstrap-executor-0] INFO  [com.netflix.discovery.shared.resolver.aws.ConfigClusterResolver] -Resolving eureka endpoints via configuration
2019-02-21 13:06:59.710 [user_provider] [AsyncResolver-bootstrap-executor-0] INFO  [com.netflix.discovery.shared.resolver.aws.ConfigClusterResolver] -Resolving eureka endpoints via configuration
2019-02-21 13:11:59.710 [user_provider] [AsyncResolver-bootstrap-executor-0] INFO  [com.netflix.discovery.shared.resolver.aws.ConfigClusterResolver] -Resolving eureka endpoints via configuration
2019-02-21 13:16:59.711 [user_provider] [AsyncResolver-bootstrap-executor-0] INFO  [com.netflix.discovery.shared.resolver.aws.ConfigClusterResolver] -Resolving eureka endpoints via configuration
2019-02-21 13:21:59.712 [user_provider] [AsyncResolver-bootstrap-executor-0] INFO  [com.netflix.discovery.shared.resolver.aws.ConfigClusterResolver] -Resolving eureka endpoints via configuration
2019-02-21 13:26:59.713 [user_provider] [AsyncResolver-bootstrap-executor-0] INFO  [com.netflix.discovery.shared.resolver.aws.ConfigClusterResolver] -Resolving eureka endpoints via configuration
2019-02-21 14:02:29.720 [user_provider] [DiscoveryClient-HeartbeatExecutor-0] INFO  [com.netflix.discovery.DiscoveryClient] -DiscoveryClient_USER-PROVIDER/192.168.1.167:8091 - Re-registering apps/USER-PROVIDER
2019-02-21 14:02:29.721 [user_provider] [DiscoveryClient-HeartbeatExecutor-0] INFO  [com.netflix.discovery.DiscoveryClient] -DiscoveryClient_USER-PROVIDER/192.168.1.167:8091: registering service...
2019-02-21 14:02:29.726 [user_provider] [DiscoveryClient-HeartbeatExecutor-0] INFO  [com.netflix.discovery.DiscoveryClient] -DiscoveryClient_USER-PROVIDER/192.168.1.167:8091 - registration status: 204
2019-02-21 14:04:27.298 [user_provider] [AsyncResolver-bootstrap-executor-0] INFO  [com.netflix.discovery.shared.resolver.aws.ConfigClusterResolver] -Resolving eureka endpoints via configuration
2019-02-21 14:09:27.299 [user_provider] [AsyncResolver-bootstrap-executor-0] INFO  [com.netflix.discovery.shared.resolver.aws.ConfigClusterResolver] -Resolving eureka endpoints via configuration
2019-02-21 14:14:27.300 [user_provider] [AsyncResolver-bootstrap-executor-0] INFO  [com.netflix.discovery.shared.resolver.aws.ConfigClusterResolver] -Resolving eureka endpoints via configuration
2019-02-21 14:19:27.301 [user_provider] [AsyncResolver-bootstrap-executor-0] INFO  [com.netflix.discovery.shared.resolver.aws.ConfigClusterResolver] -Resolving eureka endpoints via configuration
2019-02-21 14:24:27.302 [user_provider] [AsyncResolver-bootstrap-executor-0] INFO  [com.netflix.discovery.shared.resolver.aws.ConfigClusterResolver] -Resolving eureka endpoints via configuration
2019-02-21 14:29:27.303 [user_provider] [AsyncResolver-bootstrap-executor-0] INFO  [com.netflix.discovery.shared.resolver.aws.ConfigClusterResolver] -Resolving eureka endpoints via configuration
