2018-12-29 12:00:08.003 [blogroom-console] [main] INFO  [cn.qyd.blogroom.App] -Starting App on linux with PID 28840 (/home/qiuyunduo/IdeaProjects/blogroom/blogroom-project/blogroom-console/target/classes started by qiuyunduo in /home/qiuyunduo/IdeaProjects/blogroom)
2018-12-29 12:00:08.006 [blogroom-console] [main] INFO  [cn.qyd.blogroom.App] -The following profiles are active: dev
2018-12-29 12:00:08.034 [blogroom-console] [main] INFO  [org.springframework.boot.web.servlet.context.AnnotationConfigServletWebServerApplicationContext] -Refreshing org.springframework.boot.web.servlet.context.AnnotationConfigServletWebServerApplicationContext@5bf0d49: startup date [Sat Dec 29 12:00:08 CST 2018]; root of context hierarchy
2018-12-29 12:00:12.076 [blogroom-console] [main] INFO  [org.springframework.boot.web.embedded.tomcat.TomcatWebServer] -Tomcat initialized with port(s): 8080 (http)
2018-12-29 12:00:12.122 [blogroom-console] [main] INFO  [org.apache.coyote.http11.Http11NioProtocol] -Initializing ProtocolHandler ["http-nio-8080"]
2018-12-29 12:00:12.139 [blogroom-console] [main] INFO  [org.apache.catalina.core.StandardService] -Starting service [Tomcat]
2018-12-29 12:00:12.140 [blogroom-console] [main] INFO  [org.apache.catalina.core.StandardEngine] -Starting Servlet Engine: Apache Tomcat/8.5.32
2018-12-29 12:00:12.150 [blogroom-console] [localhost-startStop-1] INFO  [org.apache.catalina.core.AprLifecycleListener] -The APR based Apache Tomcat Native library which allows optimal performance in production environments was not found on the java.library.path: [/usr/java/packages/lib/amd64:/usr/lib64:/lib64:/lib:/usr/lib]
2018-12-29 12:00:12.339 [blogroom-console] [localhost-startStop-1] INFO  [org.apache.catalina.core.ContainerBase.[Tomcat].[localhost].[/]] -Initializing Spring embedded WebApplicationContext
2018-12-29 12:00:12.340 [blogroom-console] [localhost-startStop-1] INFO  [org.springframework.web.context.ContextLoader] -Root WebApplicationContext: initialization completed in 4305 ms
2018-12-29 12:00:12.408 [blogroom-console] [localhost-startStop-1] INFO  [org.springframework.boot.web.servlet.ServletRegistrationBean] -Servlet dispatcherServlet mapped to [/]
2018-12-29 12:00:12.414 [blogroom-console] [localhost-startStop-1] INFO  [org.springframework.boot.web.servlet.FilterRegistrationBean] -Mapping filter: 'characterEncodingFilter' to: [/*]
2018-12-29 12:00:12.415 [blogroom-console] [localhost-startStop-1] INFO  [org.springframework.boot.web.servlet.FilterRegistrationBean] -Mapping filter: 'hiddenHttpMethodFilter' to: [/*]
2018-12-29 12:00:12.415 [blogroom-console] [localhost-startStop-1] INFO  [org.springframework.boot.web.servlet.FilterRegistrationBean] -Mapping filter: 'httpPutFormContentFilter' to: [/*]
2018-12-29 12:00:12.415 [blogroom-console] [localhost-startStop-1] INFO  [org.springframework.boot.web.servlet.FilterRegistrationBean] -Mapping filter: 'requestContextFilter' to: [/*]
2018-12-29 12:00:12.478 [blogroom-console] [main] WARN  [org.springframework.boot.web.servlet.context.AnnotationConfigServletWebServerApplicationContext] -Exception encountered during context initialization - cancelling refresh attempt: org.springframework.beans.factory.BeanCreationException: Error creating bean with name 'testController': Injection of autowired dependencies failed; nested exception is java.lang.IllegalArgumentException: Could not resolve placeholder 'author.name' in value "${author.name}"
2018-12-29 12:00:12.481 [blogroom-console] [main] INFO  [org.apache.catalina.core.StandardService] -Stopping service [Tomcat]
2018-12-29 12:00:12.495 [blogroom-console] [main] INFO  [org.springframework.boot.autoconfigure.logging.ConditionEvaluationReportLoggingListener] -

Error starting ApplicationContext. To display the conditions report re-run your application with 'debug' enabled.
2018-12-29 12:00:12.512 [blogroom-console] [main] ERROR [org.springframework.boot.SpringApplication] -Application run failed
org.springframework.beans.factory.BeanCreationException: Error creating bean with name 'testController': Injection of autowired dependencies failed; nested exception is java.lang.IllegalArgumentException: Could not resolve placeholder 'author.name' in value "${author.name}"
	at org.springframework.beans.factory.annotation.AutowiredAnnotationBeanPostProcessor.postProcessPropertyValues(AutowiredAnnotationBeanPostProcessor.java:378)
	at org.springframework.beans.factory.support.AbstractAutowireCapableBeanFactory.populateBean(AbstractAutowireCapableBeanFactory.java:1341)
	at org.springframework.beans.factory.support.AbstractAutowireCapableBeanFactory.doCreateBean(AbstractAutowireCapableBeanFactory.java:572)
	at org.springframework.beans.factory.support.AbstractAutowireCapableBeanFactory.createBean(AbstractAutowireCapableBeanFactory.java:495)
	at org.springframework.beans.factory.support.AbstractBeanFactory.lambda$doGetBean$0(AbstractBeanFactory.java:317)
	at org.springframework.beans.factory.support.DefaultSingletonBeanRegistry.getSingleton(DefaultSingletonBeanRegistry.java:222)
	at org.springframework.beans.factory.support.AbstractBeanFactory.doGetBean(AbstractBeanFactory.java:315)
	at org.springframework.beans.factory.support.AbstractBeanFactory.getBean(AbstractBeanFactory.java:199)
	at org.springframework.beans.factory.support.DefaultListableBeanFactory.preInstantiateSingletons(DefaultListableBeanFactory.java:759)
	at org.springframework.context.support.AbstractApplicationContext.finishBeanFactoryInitialization(AbstractApplicationContext.java:869)
	at org.springframework.context.support.AbstractApplicationContext.refresh(AbstractApplicationContext.java:550)
	at org.springframework.boot.web.servlet.context.ServletWebServerApplicationContext.refresh(ServletWebServerApplicationContext.java:140)
	at org.springframework.boot.SpringApplication.refresh(SpringApplication.java:762)
	at org.springframework.boot.SpringApplication.refreshContext(SpringApplication.java:398)
	at org.springframework.boot.SpringApplication.run(SpringApplication.java:330)
	at org.springframework.boot.SpringApplication.run(SpringApplication.java:1258)
	at org.springframework.boot.SpringApplication.run(SpringApplication.java:1246)
	at cn.qyd.blogroom.App.main(App.java:15)
Caused by: java.lang.IllegalArgumentException: Could not resolve placeholder 'author.name' in value "${author.name}"
	at org.springframework.util.PropertyPlaceholderHelper.parseStringValue(PropertyPlaceholderHelper.java:172)
	at org.springframework.util.PropertyPlaceholderHelper.replacePlaceholders(PropertyPlaceholderHelper.java:124)
	at org.springframework.core.env.AbstractPropertyResolver.doResolvePlaceholders(AbstractPropertyResolver.java:237)
	at org.springframework.core.env.AbstractPropertyResolver.resolveRequiredPlaceholders(AbstractPropertyResolver.java:211)
	at org.springframework.context.support.PropertySourcesPlaceholderConfigurer.lambda$processProperties$0(PropertySourcesPlaceholderConfigurer.java:175)
	at org.springframework.beans.factory.support.AbstractBeanFactory.resolveEmbeddedValue(AbstractBeanFactory.java:839)
	at org.springframework.beans.factory.support.DefaultListableBeanFactory.doResolveDependency(DefaultListableBeanFactory.java:1083)
	at org.springframework.beans.factory.support.DefaultListableBeanFactory.resolveDependency(DefaultListableBeanFactory.java:1062)
	at org.springframework.beans.factory.annotation.AutowiredAnnotationBeanPostProcessor$AutowiredFieldElement.inject(AutowiredAnnotationBeanPostProcessor.java:583)
	at org.springframework.beans.factory.annotation.InjectionMetadata.inject(InjectionMetadata.java:91)
	at org.springframework.beans.factory.annotation.AutowiredAnnotationBeanPostProcessor.postProcessPropertyValues(AutowiredAnnotationBeanPostProcessor.java:372)
	... 17 common frames omitted
2018-12-29 12:14:26.568 [blogroom-console] [main] INFO  [cn.qyd.blogroom.App] -Starting App on linux with PID 29647 (/home/qiuyunduo/IdeaProjects/blogroom/blogroom-project/blogroom-console/target/classes started by qiuyunduo in /home/qiuyunduo/IdeaProjects/blogroom)
2018-12-29 12:14:26.595 [blogroom-console] [main] INFO  [cn.qyd.blogroom.App] -The following profiles are active: dev
2018-12-29 12:14:26.700 [blogroom-console] [main] INFO  [org.springframework.boot.web.servlet.context.AnnotationConfigServletWebServerApplicationContext] -Refreshing org.springframework.boot.web.servlet.context.AnnotationConfigServletWebServerApplicationContext@776aec5c: startup date [Sat Dec 29 12:14:26 CST 2018]; root of context hierarchy
2018-12-29 12:14:28.487 [blogroom-console] [main] INFO  [org.springframework.boot.web.embedded.tomcat.TomcatWebServer] -Tomcat initialized with port(s): 8080 (http)
2018-12-29 12:14:28.504 [blogroom-console] [main] INFO  [org.apache.coyote.http11.Http11NioProtocol] -Initializing ProtocolHandler ["http-nio-8080"]
2018-12-29 12:14:28.515 [blogroom-console] [main] INFO  [org.apache.catalina.core.StandardService] -Starting service [Tomcat]
2018-12-29 12:14:28.516 [blogroom-console] [main] INFO  [org.apache.catalina.core.StandardEngine] -Starting Servlet Engine: Apache Tomcat/8.5.32
2018-12-29 12:14:28.522 [blogroom-console] [localhost-startStop-1] INFO  [org.apache.catalina.core.AprLifecycleListener] -The APR based Apache Tomcat Native library which allows optimal performance in production environments was not found on the java.library.path: [/usr/java/packages/lib/amd64:/usr/lib64:/lib64:/lib:/usr/lib]
2018-12-29 12:14:28.766 [blogroom-console] [localhost-startStop-1] INFO  [org.apache.catalina.core.ContainerBase.[Tomcat].[localhost].[/]] -Initializing Spring embedded WebApplicationContext
2018-12-29 12:14:28.767 [blogroom-console] [localhost-startStop-1] INFO  [org.springframework.web.context.ContextLoader] -Root WebApplicationContext: initialization completed in 2068 ms
2018-12-29 12:14:28.837 [blogroom-console] [localhost-startStop-1] INFO  [org.springframework.boot.web.servlet.ServletRegistrationBean] -Servlet dispatcherServlet mapped to [/]
2018-12-29 12:14:28.841 [blogroom-console] [localhost-startStop-1] INFO  [org.springframework.boot.web.servlet.FilterRegistrationBean] -Mapping filter: 'characterEncodingFilter' to: [/*]
2018-12-29 12:14:28.842 [blogroom-console] [localhost-startStop-1] INFO  [org.springframework.boot.web.servlet.FilterRegistrationBean] -Mapping filter: 'hiddenHttpMethodFilter' to: [/*]
2018-12-29 12:14:28.842 [blogroom-console] [localhost-startStop-1] INFO  [org.springframework.boot.web.servlet.FilterRegistrationBean] -Mapping filter: 'httpPutFormContentFilter' to: [/*]
2018-12-29 12:14:28.842 [blogroom-console] [localhost-startStop-1] INFO  [org.springframework.boot.web.servlet.FilterRegistrationBean] -Mapping filter: 'requestContextFilter' to: [/*]
2018-12-29 12:14:28.902 [blogroom-console] [main] WARN  [org.springframework.boot.web.servlet.context.AnnotationConfigServletWebServerApplicationContext] -Exception encountered during context initialization - cancelling refresh attempt: org.springframework.beans.factory.BeanCreationException: Error creating bean with name 'testController': Injection of autowired dependencies failed; nested exception is java.lang.IllegalArgumentException: Could not resolve placeholder 'author.name' in value "${author.name}"
2018-12-29 12:14:28.909 [blogroom-console] [main] INFO  [org.apache.catalina.core.StandardService] -Stopping service [Tomcat]
2018-12-29 12:14:28.927 [blogroom-console] [main] INFO  [org.springframework.boot.autoconfigure.logging.ConditionEvaluationReportLoggingListener] -

Error starting ApplicationContext. To display the conditions report re-run your application with 'debug' enabled.
2018-12-29 12:14:28.937 [blogroom-console] [main] ERROR [org.springframework.boot.SpringApplication] -Application run failed
org.springframework.beans.factory.BeanCreationException: Error creating bean with name 'testController': Injection of autowired dependencies failed; nested exception is java.lang.IllegalArgumentException: Could not resolve placeholder 'author.name' in value "${author.name}"
	at org.springframework.beans.factory.annotation.AutowiredAnnotationBeanPostProcessor.postProcessPropertyValues(AutowiredAnnotationBeanPostProcessor.java:378)
	at org.springframework.beans.factory.support.AbstractAutowireCapableBeanFactory.populateBean(AbstractAutowireCapableBeanFactory.java:1341)
	at org.springframework.beans.factory.support.AbstractAutowireCapableBeanFactory.doCreateBean(AbstractAutowireCapableBeanFactory.java:572)
	at org.springframework.beans.factory.support.AbstractAutowireCapableBeanFactory.createBean(AbstractAutowireCapableBeanFactory.java:495)
	at org.springframework.beans.factory.support.AbstractBeanFactory.lambda$doGetBean$0(AbstractBeanFactory.java:317)
	at org.springframework.beans.factory.support.DefaultSingletonBeanRegistry.getSingleton(DefaultSingletonBeanRegistry.java:222)
	at org.springframework.beans.factory.support.AbstractBeanFactory.doGetBean(AbstractBeanFactory.java:315)
	at org.springframework.beans.factory.support.AbstractBeanFactory.getBean(AbstractBeanFactory.java:199)
	at org.springframework.beans.factory.support.DefaultListableBeanFactory.preInstantiateSingletons(DefaultListableBeanFactory.java:759)
	at org.springframework.context.support.AbstractApplicationContext.finishBeanFactoryInitialization(AbstractApplicationContext.java:869)
	at org.springframework.context.support.AbstractApplicationContext.refresh(AbstractApplicationContext.java:550)
	at org.springframework.boot.web.servlet.context.ServletWebServerApplicationContext.refresh(ServletWebServerApplicationContext.java:140)
	at org.springframework.boot.SpringApplication.refresh(SpringApplication.java:762)
	at org.springframework.boot.SpringApplication.refreshContext(SpringApplication.java:398)
	at org.springframework.boot.SpringApplication.run(SpringApplication.java:330)
	at org.springframework.boot.SpringApplication.run(SpringApplication.java:1258)
	at org.springframework.boot.SpringApplication.run(SpringApplication.java:1246)
	at cn.qyd.blogroom.App.main(App.java:15)
Caused by: java.lang.IllegalArgumentException: Could not resolve placeholder 'author.name' in value "${author.name}"
	at org.springframework.util.PropertyPlaceholderHelper.parseStringValue(PropertyPlaceholderHelper.java:172)
	at org.springframework.util.PropertyPlaceholderHelper.replacePlaceholders(PropertyPlaceholderHelper.java:124)
	at org.springframework.core.env.AbstractPropertyResolver.doResolvePlaceholders(AbstractPropertyResolver.java:237)
	at org.springframework.core.env.AbstractPropertyResolver.resolveRequiredPlaceholders(AbstractPropertyResolver.java:211)
	at org.springframework.context.support.PropertySourcesPlaceholderConfigurer.lambda$processProperties$0(PropertySourcesPlaceholderConfigurer.java:175)
	at org.springframework.beans.factory.support.AbstractBeanFactory.resolveEmbeddedValue(AbstractBeanFactory.java:839)
	at org.springframework.beans.factory.support.DefaultListableBeanFactory.doResolveDependency(DefaultListableBeanFactory.java:1083)
	at org.springframework.beans.factory.support.DefaultListableBeanFactory.resolveDependency(DefaultListableBeanFactory.java:1062)
	at org.springframework.beans.factory.annotation.AutowiredAnnotationBeanPostProcessor$AutowiredFieldElement.inject(AutowiredAnnotationBeanPostProcessor.java:583)
	at org.springframework.beans.factory.annotation.InjectionMetadata.inject(InjectionMetadata.java:91)
	at org.springframework.beans.factory.annotation.AutowiredAnnotationBeanPostProcessor.postProcessPropertyValues(AutowiredAnnotationBeanPostProcessor.java:372)
	... 17 common frames omitted
2018-12-29 12:15:40.012 [blogroom-console] [main] INFO  [cn.qyd.blogroom.App] -Starting App on linux with PID 8285 (/home/qiuyunduo/IdeaProjects/blogroom/blogroom-project/blogroom-console/target/classes started by qiuyunduo in /home/qiuyunduo/IdeaProjects/blogroom)
2018-12-29 12:15:40.020 [blogroom-console] [main] INFO  [cn.qyd.blogroom.App] -The following profiles are active: dev
2018-12-29 12:15:40.253 [blogroom-console] [main] INFO  [org.springframework.boot.web.servlet.context.AnnotationConfigServletWebServerApplicationContext] -Refreshing org.springframework.boot.web.servlet.context.AnnotationConfigServletWebServerApplicationContext@5bf0d49: startup date [Sat Dec 29 12:15:40 CST 2018]; root of context hierarchy
2018-12-29 12:15:41.463 [blogroom-console] [main] INFO  [org.springframework.boot.web.embedded.tomcat.TomcatWebServer] -Tomcat initialized with port(s): 8080 (http)
2018-12-29 12:15:41.476 [blogroom-console] [main] INFO  [org.apache.coyote.http11.Http11NioProtocol] -Initializing ProtocolHandler ["http-nio-8080"]
2018-12-29 12:15:41.483 [blogroom-console] [main] INFO  [org.apache.catalina.core.StandardService] -Starting service [Tomcat]
2018-12-29 12:15:41.484 [blogroom-console] [main] INFO  [org.apache.catalina.core.StandardEngine] -Starting Servlet Engine: Apache Tomcat/8.5.32
2018-12-29 12:15:41.487 [blogroom-console] [localhost-startStop-1] INFO  [org.apache.catalina.core.AprLifecycleListener] -The APR based Apache Tomcat Native library which allows optimal performance in production environments was not found on the java.library.path: [/usr/java/packages/lib/amd64:/usr/lib64:/lib64:/lib:/usr/lib]
2018-12-29 12:15:41.551 [blogroom-console] [localhost-startStop-1] INFO  [org.apache.catalina.core.ContainerBase.[Tomcat].[localhost].[/]] -Initializing Spring embedded WebApplicationContext
2018-12-29 12:15:41.551 [blogroom-console] [localhost-startStop-1] INFO  [org.springframework.web.context.ContextLoader] -Root WebApplicationContext: initialization completed in 1298 ms
2018-12-29 12:15:41.586 [blogroom-console] [localhost-startStop-1] INFO  [org.springframework.boot.web.servlet.ServletRegistrationBean] -Servlet dispatcherServlet mapped to [/]
2018-12-29 12:15:41.590 [blogroom-console] [localhost-startStop-1] INFO  [org.springframework.boot.web.servlet.FilterRegistrationBean] -Mapping filter: 'characterEncodingFilter' to: [/*]
2018-12-29 12:15:41.590 [blogroom-console] [localhost-startStop-1] INFO  [org.springframework.boot.web.servlet.FilterRegistrationBean] -Mapping filter: 'hiddenHttpMethodFilter' to: [/*]
2018-12-29 12:15:41.590 [blogroom-console] [localhost-startStop-1] INFO  [org.springframework.boot.web.servlet.FilterRegistrationBean] -Mapping filter: 'httpPutFormContentFilter' to: [/*]
2018-12-29 12:15:41.590 [blogroom-console] [localhost-startStop-1] INFO  [org.springframework.boot.web.servlet.FilterRegistrationBean] -Mapping filter: 'requestContextFilter' to: [/*]
2018-12-29 12:15:41.805 [blogroom-console] [main] INFO  [org.springframework.web.servlet.handler.SimpleUrlHandlerMapping] -Mapped URL path [/**/favicon.ico] onto handler of type [class org.springframework.web.servlet.resource.ResourceHttpRequestHandler]
2018-12-29 12:15:42.051 [blogroom-console] [main] INFO  [org.springframework.web.servlet.mvc.method.annotation.RequestMappingHandlerAdapter] -Looking for @ControllerAdvice: org.springframework.boot.web.servlet.context.AnnotationConfigServletWebServerApplicationContext@5bf0d49: startup date [Sat Dec 29 12:15:40 CST 2018]; root of context hierarchy
2018-12-29 12:15:42.095 [blogroom-console] [main] INFO  [org.springframework.web.servlet.mvc.method.annotation.RequestMappingHandlerMapping] -Mapped "{[/error],produces=[text/html]}" onto public org.springframework.web.servlet.ModelAndView org.springframework.boot.autoconfigure.web.servlet.error.BasicErrorController.errorHtml(javax.servlet.http.HttpServletRequest,javax.servlet.http.HttpServletResponse)
2018-12-29 12:15:42.096 [blogroom-console] [main] INFO  [org.springframework.web.servlet.mvc.method.annotation.RequestMappingHandlerMapping] -Mapped "{[/error]}" onto public org.springframework.http.ResponseEntity<java.util.Map<java.lang.String, java.lang.Object>> org.springframework.boot.autoconfigure.web.servlet.error.BasicErrorController.error(javax.servlet.http.HttpServletRequest)
2018-12-29 12:15:42.110 [blogroom-console] [main] INFO  [org.springframework.web.servlet.handler.SimpleUrlHandlerMapping] -Mapped URL path [/webjars/**] onto handler of type [class org.springframework.web.servlet.resource.ResourceHttpRequestHandler]
2018-12-29 12:15:42.110 [blogroom-console] [main] INFO  [org.springframework.web.servlet.handler.SimpleUrlHandlerMapping] -Mapped URL path [/**] onto handler of type [class org.springframework.web.servlet.resource.ResourceHttpRequestHandler]
2018-12-29 12:15:42.206 [blogroom-console] [main] INFO  [org.springframework.jmx.export.annotation.AnnotationMBeanExporter] -Registering beans for JMX exposure on startup
2018-12-29 12:15:42.231 [blogroom-console] [main] INFO  [org.apache.coyote.http11.Http11NioProtocol] -Starting ProtocolHandler ["http-nio-8080"]
2018-12-29 12:15:42.259 [blogroom-console] [main] INFO  [org.apache.tomcat.util.net.NioSelectorPool] -Using a shared selector for servlet write/read
2018-12-29 12:15:42.287 [blogroom-console] [main] INFO  [org.springframework.boot.web.embedded.tomcat.TomcatWebServer] -Tomcat started on port(s): 8080 (http) with context path ''
2018-12-29 12:15:42.290 [blogroom-console] [main] INFO  [cn.qyd.blogroom.App] -Started App in 3.309 seconds (JVM running for 3.921)
2018-12-29 12:15:42.302 [blogroom-console] [main] INFO  [cn.qyd.blogroom.App] -===================
2018-12-29 12:16:33.805 [blogroom-console] [Thread-9] INFO  [org.springframework.boot.web.servlet.context.AnnotationConfigServletWebServerApplicationContext] -Closing org.springframework.boot.web.servlet.context.AnnotationConfigServletWebServerApplicationContext@5bf0d49: startup date [Sat Dec 29 12:15:40 CST 2018]; root of context hierarchy
2018-12-29 12:16:33.810 [blogroom-console] [Thread-9] INFO  [org.springframework.jmx.export.annotation.AnnotationMBeanExporter] -Unregistering JMX-exposed beans on shutdown
2018-12-29 12:16:36.157 [blogroom-console] [main] INFO  [cn.qyd.blogroom.App] -Starting App on linux with PID 16064 (/home/qiuyunduo/IdeaProjects/blogroom/blogroom-project/blogroom-console/target/classes started by qiuyunduo in /home/qiuyunduo/IdeaProjects/blogroom)
2018-12-29 12:16:36.164 [blogroom-console] [main] INFO  [cn.qyd.blogroom.App] -The following profiles are active: dev
2018-12-29 12:16:36.356 [blogroom-console] [main] INFO  [org.springframework.boot.web.servlet.context.AnnotationConfigServletWebServerApplicationContext] -Refreshing org.springframework.boot.web.servlet.context.AnnotationConfigServletWebServerApplicationContext@175c2241: startup date [Sat Dec 29 12:16:36 CST 2018]; root of context hierarchy
2018-12-29 12:16:37.507 [blogroom-console] [main] INFO  [org.springframework.boot.web.embedded.tomcat.TomcatWebServer] -Tomcat initialized with port(s): 8080 (http)
2018-12-29 12:16:37.522 [blogroom-console] [main] INFO  [org.apache.coyote.http11.Http11NioProtocol] -Initializing ProtocolHandler ["http-nio-8080"]
2018-12-29 12:16:37.529 [blogroom-console] [main] INFO  [org.apache.catalina.core.StandardService] -Starting service [Tomcat]
2018-12-29 12:16:37.529 [blogroom-console] [main] INFO  [org.apache.catalina.core.StandardEngine] -Starting Servlet Engine: Apache Tomcat/8.5.32
2018-12-29 12:16:37.538 [blogroom-console] [localhost-startStop-1] INFO  [org.apache.catalina.core.AprLifecycleListener] -The APR based Apache Tomcat Native library which allows optimal performance in production environments was not found on the java.library.path: [/usr/java/packages/lib/amd64:/usr/lib64:/lib64:/lib:/usr/lib]
2018-12-29 12:16:37.609 [blogroom-console] [localhost-startStop-1] INFO  [org.apache.catalina.core.ContainerBase.[Tomcat].[localhost].[/]] -Initializing Spring embedded WebApplicationContext
2018-12-29 12:16:37.609 [blogroom-console] [localhost-startStop-1] INFO  [org.springframework.web.context.ContextLoader] -Root WebApplicationContext: initialization completed in 1253 ms
2018-12-29 12:16:37.649 [blogroom-console] [localhost-startStop-1] INFO  [org.springframework.boot.web.servlet.ServletRegistrationBean] -Servlet dispatcherServlet mapped to [/]
2018-12-29 12:16:37.652 [blogroom-console] [localhost-startStop-1] INFO  [org.springframework.boot.web.servlet.FilterRegistrationBean] -Mapping filter: 'characterEncodingFilter' to: [/*]
2018-12-29 12:16:37.652 [blogroom-console] [localhost-startStop-1] INFO  [org.springframework.boot.web.servlet.FilterRegistrationBean] -Mapping filter: 'hiddenHttpMethodFilter' to: [/*]
2018-12-29 12:16:37.652 [blogroom-console] [localhost-startStop-1] INFO  [org.springframework.boot.web.servlet.FilterRegistrationBean] -Mapping filter: 'httpPutFormContentFilter' to: [/*]
2018-12-29 12:16:37.652 [blogroom-console] [localhost-startStop-1] INFO  [org.springframework.boot.web.servlet.FilterRegistrationBean] -Mapping filter: 'requestContextFilter' to: [/*]
2018-12-29 12:16:37.733 [blogroom-console] [main] INFO  [org.springframework.web.servlet.handler.SimpleUrlHandlerMapping] -Mapped URL path [/**/favicon.ico] onto handler of type [class org.springframework.web.servlet.resource.ResourceHttpRequestHandler]
2018-12-29 12:16:37.877 [blogroom-console] [main] INFO  [org.springframework.web.servlet.mvc.method.annotation.RequestMappingHandlerAdapter] -Looking for @ControllerAdvice: org.springframework.boot.web.servlet.context.AnnotationConfigServletWebServerApplicationContext@175c2241: startup date [Sat Dec 29 12:16:36 CST 2018]; root of context hierarchy
2018-12-29 12:16:37.916 [blogroom-console] [main] INFO  [org.springframework.web.servlet.mvc.method.annotation.RequestMappingHandlerMapping] -Mapped "{[/error],produces=[text/html]}" onto public org.springframework.web.servlet.ModelAndView org.springframework.boot.autoconfigure.web.servlet.error.BasicErrorController.errorHtml(javax.servlet.http.HttpServletRequest,javax.servlet.http.HttpServletResponse)
2018-12-29 12:16:37.917 [blogroom-console] [main] INFO  [org.springframework.web.servlet.mvc.method.annotation.RequestMappingHandlerMapping] -Mapped "{[/error]}" onto public org.springframework.http.ResponseEntity<java.util.Map<java.lang.String, java.lang.Object>> org.springframework.boot.autoconfigure.web.servlet.error.BasicErrorController.error(javax.servlet.http.HttpServletRequest)
2018-12-29 12:16:37.936 [blogroom-console] [main] INFO  [org.springframework.web.servlet.handler.SimpleUrlHandlerMapping] -Mapped URL path [/webjars/**] onto handler of type [class org.springframework.web.servlet.resource.ResourceHttpRequestHandler]
2018-12-29 12:16:37.936 [blogroom-console] [main] INFO  [org.springframework.web.servlet.handler.SimpleUrlHandlerMapping] -Mapped URL path [/**] onto handler of type [class org.springframework.web.servlet.resource.ResourceHttpRequestHandler]
2018-12-29 12:16:38.055 [blogroom-console] [main] INFO  [org.springframework.jmx.export.annotation.AnnotationMBeanExporter] -Registering beans for JMX exposure on startup
2018-12-29 12:16:38.080 [blogroom-console] [main] INFO  [org.apache.coyote.http11.Http11NioProtocol] -Starting ProtocolHandler ["http-nio-8080"]
2018-12-29 12:16:38.104 [blogroom-console] [main] INFO  [org.apache.tomcat.util.net.NioSelectorPool] -Using a shared selector for servlet write/read
2018-12-29 12:16:38.457 [blogroom-console] [main] INFO  [org.springframework.boot.web.embedded.tomcat.TomcatWebServer] -Tomcat started on port(s): 8080 (http) with context path ''
2018-12-29 12:16:38.468 [blogroom-console] [main] INFO  [cn.qyd.blogroom.App] -Started App in 2.825 seconds (JVM running for 3.601)
2018-12-29 12:16:38.475 [blogroom-console] [main] INFO  [cn.qyd.blogroom.App] -===================
2018-12-29 12:17:37.554 [blogroom-console] [Thread-9] INFO  [org.springframework.boot.web.servlet.context.AnnotationConfigServletWebServerApplicationContext] -Closing org.springframework.boot.web.servlet.context.AnnotationConfigServletWebServerApplicationContext@175c2241: startup date [Sat Dec 29 12:16:36 CST 2018]; root of context hierarchy
2018-12-29 12:17:37.556 [blogroom-console] [Thread-9] INFO  [org.springframework.jmx.export.annotation.AnnotationMBeanExporter] -Unregistering JMX-exposed beans on shutdown
2018-12-29 12:17:42.298 [blogroom-console] [main] INFO  [cn.qyd.blogroom.App] -Starting App on linux with PID 25113 (/home/qiuyunduo/IdeaProjects/blogroom/blogroom-project/blogroom-console/target/classes started by qiuyunduo in /home/qiuyunduo/IdeaProjects/blogroom)
2018-12-29 12:17:42.306 [blogroom-console] [main] INFO  [cn.qyd.blogroom.App] -The following profiles are active: dev
2018-12-29 12:17:42.462 [blogroom-console] [main] INFO  [org.springframework.boot.web.servlet.context.AnnotationConfigServletWebServerApplicationContext] -Refreshing org.springframework.boot.web.servlet.context.AnnotationConfigServletWebServerApplicationContext@3754a4bf: startup date [Sat Dec 29 12:17:42 CST 2018]; root of context hierarchy
2018-12-29 12:17:43.815 [blogroom-console] [main] INFO  [org.springframework.boot.web.embedded.tomcat.TomcatWebServer] -Tomcat initialized with port(s): 8080 (http)
2018-12-29 12:17:43.826 [blogroom-console] [main] INFO  [org.apache.coyote.http11.Http11NioProtocol] -Initializing ProtocolHandler ["http-nio-8080"]
2018-12-29 12:17:43.834 [blogroom-console] [main] INFO  [org.apache.catalina.core.StandardService] -Starting service [Tomcat]
2018-12-29 12:17:43.834 [blogroom-console] [main] INFO  [org.apache.catalina.core.StandardEngine] -Starting Servlet Engine: Apache Tomcat/8.5.32
2018-12-29 12:17:43.838 [blogroom-console] [localhost-startStop-1] INFO  [org.apache.catalina.core.AprLifecycleListener] -The APR based Apache Tomcat Native library which allows optimal performance in production environments was not found on the java.library.path: [/usr/java/packages/lib/amd64:/usr/lib64:/lib64:/lib:/usr/lib]
2018-12-29 12:17:43.897 [blogroom-console] [localhost-startStop-1] INFO  [org.apache.catalina.core.ContainerBase.[Tomcat].[localhost].[/]] -Initializing Spring embedded WebApplicationContext
2018-12-29 12:17:43.897 [blogroom-console] [localhost-startStop-1] INFO  [org.springframework.web.context.ContextLoader] -Root WebApplicationContext: initialization completed in 1435 ms
2018-12-29 12:17:43.967 [blogroom-console] [localhost-startStop-1] INFO  [org.springframework.boot.web.servlet.ServletRegistrationBean] -Servlet dispatcherServlet mapped to [/]
2018-12-29 12:17:43.970 [blogroom-console] [localhost-startStop-1] INFO  [org.springframework.boot.web.servlet.FilterRegistrationBean] -Mapping filter: 'characterEncodingFilter' to: [/*]
2018-12-29 12:17:43.971 [blogroom-console] [localhost-startStop-1] INFO  [org.springframework.boot.web.servlet.FilterRegistrationBean] -Mapping filter: 'hiddenHttpMethodFilter' to: [/*]
2018-12-29 12:17:43.971 [blogroom-console] [localhost-startStop-1] INFO  [org.springframework.boot.web.servlet.FilterRegistrationBean] -Mapping filter: 'httpPutFormContentFilter' to: [/*]
2018-12-29 12:17:43.971 [blogroom-console] [localhost-startStop-1] INFO  [org.springframework.boot.web.servlet.FilterRegistrationBean] -Mapping filter: 'requestContextFilter' to: [/*]
2018-12-29 12:17:43.993 [blogroom-console] [main] WARN  [org.springframework.boot.web.servlet.context.AnnotationConfigServletWebServerApplicationContext] -Exception encountered during context initialization - cancelling refresh attempt: org.springframework.beans.factory.BeanCreationException: Error creating bean with name 'testController': Injection of autowired dependencies failed; nested exception is java.lang.IllegalArgumentException: Could not resolve placeholder 'author.name' in value "${author.name}"
2018-12-29 12:17:43.995 [blogroom-console] [main] INFO  [org.apache.catalina.core.StandardService] -Stopping service [Tomcat]
2018-12-29 12:17:44.003 [blogroom-console] [main] INFO  [org.springframework.boot.autoconfigure.logging.ConditionEvaluationReportLoggingListener] -

Error starting ApplicationContext. To display the conditions report re-run your application with 'debug' enabled.
2018-12-29 12:17:44.008 [blogroom-console] [main] ERROR [org.springframework.boot.SpringApplication] -Application run failed
org.springframework.beans.factory.BeanCreationException: Error creating bean with name 'testController': Injection of autowired dependencies failed; nested exception is java.lang.IllegalArgumentException: Could not resolve placeholder 'author.name' in value "${author.name}"
	at org.springframework.beans.factory.annotation.AutowiredAnnotationBeanPostProcessor.postProcessPropertyValues(AutowiredAnnotationBeanPostProcessor.java:378)
	at org.springframework.beans.factory.support.AbstractAutowireCapableBeanFactory.populateBean(AbstractAutowireCapableBeanFactory.java:1341)
	at org.springframework.beans.factory.support.AbstractAutowireCapableBeanFactory.doCreateBean(AbstractAutowireCapableBeanFactory.java:572)
	at org.springframework.beans.factory.support.AbstractAutowireCapableBeanFactory.createBean(AbstractAutowireCapableBeanFactory.java:495)
	at org.springframework.beans.factory.support.AbstractBeanFactory.lambda$doGetBean$0(AbstractBeanFactory.java:317)
	at org.springframework.beans.factory.support.DefaultSingletonBeanRegistry.getSingleton(DefaultSingletonBeanRegistry.java:222)
	at org.springframework.beans.factory.support.AbstractBeanFactory.doGetBean(AbstractBeanFactory.java:315)
	at org.springframework.beans.factory.support.AbstractBeanFactory.getBean(AbstractBeanFactory.java:199)
	at org.springframework.beans.factory.support.DefaultListableBeanFactory.preInstantiateSingletons(DefaultListableBeanFactory.java:759)
	at org.springframework.context.support.AbstractApplicationContext.finishBeanFactoryInitialization(AbstractApplicationContext.java:869)
	at org.springframework.context.support.AbstractApplicationContext.refresh(AbstractApplicationContext.java:550)
	at org.springframework.boot.web.servlet.context.ServletWebServerApplicationContext.refresh(ServletWebServerApplicationContext.java:140)
	at org.springframework.boot.SpringApplication.refresh(SpringApplication.java:762)
	at org.springframework.boot.SpringApplication.refreshContext(SpringApplication.java:398)
	at org.springframework.boot.SpringApplication.run(SpringApplication.java:330)
	at org.springframework.boot.SpringApplication.run(SpringApplication.java:1258)
	at org.springframework.boot.SpringApplication.run(SpringApplication.java:1246)
	at cn.qyd.blogroom.App.main(App.java:15)
Caused by: java.lang.IllegalArgumentException: Could not resolve placeholder 'author.name' in value "${author.name}"
	at org.springframework.util.PropertyPlaceholderHelper.parseStringValue(PropertyPlaceholderHelper.java:172)
	at org.springframework.util.PropertyPlaceholderHelper.replacePlaceholders(PropertyPlaceholderHelper.java:124)
	at org.springframework.core.env.AbstractPropertyResolver.doResolvePlaceholders(AbstractPropertyResolver.java:237)
	at org.springframework.core.env.AbstractPropertyResolver.resolveRequiredPlaceholders(AbstractPropertyResolver.java:211)
	at org.springframework.context.support.PropertySourcesPlaceholderConfigurer.lambda$processProperties$0(PropertySourcesPlaceholderConfigurer.java:175)
	at org.springframework.beans.factory.support.AbstractBeanFactory.resolveEmbeddedValue(AbstractBeanFactory.java:839)
	at org.springframework.beans.factory.support.DefaultListableBeanFactory.doResolveDependency(DefaultListableBeanFactory.java:1083)
	at org.springframework.beans.factory.support.DefaultListableBeanFactory.resolveDependency(DefaultListableBeanFactory.java:1062)
	at org.springframework.beans.factory.annotation.AutowiredAnnotationBeanPostProcessor$AutowiredFieldElement.inject(AutowiredAnnotationBeanPostProcessor.java:583)
	at org.springframework.beans.factory.annotation.InjectionMetadata.inject(InjectionMetadata.java:91)
	at org.springframework.beans.factory.annotation.AutowiredAnnotationBeanPostProcessor.postProcessPropertyValues(AutowiredAnnotationBeanPostProcessor.java:372)
	... 17 common frames omitted
2018-12-29 12:19:08.675 [blogroom-console] [main] INFO  [cn.qyd.blogroom.App] -Starting App on linux with PID 6873 (/home/qiuyunduo/IdeaProjects/blogroom/blogroom-project/blogroom-console/target/classes started by qiuyunduo in /home/qiuyunduo/IdeaProjects/blogroom)
2018-12-29 12:19:08.680 [blogroom-console] [main] INFO  [cn.qyd.blogroom.App] -The following profiles are active: dev
2018-12-29 12:19:08.842 [blogroom-console] [main] INFO  [org.springframework.boot.web.servlet.context.AnnotationConfigServletWebServerApplicationContext] -Refreshing org.springframework.boot.web.servlet.context.AnnotationConfigServletWebServerApplicationContext@5bf0d49: startup date [Sat Dec 29 12:19:08 CST 2018]; root of context hierarchy
2018-12-29 12:19:09.937 [blogroom-console] [main] INFO  [org.springframework.boot.web.embedded.tomcat.TomcatWebServer] -Tomcat initialized with port(s): 8080 (http)
2018-12-29 12:19:09.946 [blogroom-console] [main] INFO  [org.apache.coyote.http11.Http11NioProtocol] -Initializing ProtocolHandler ["http-nio-8080"]
2018-12-29 12:19:09.952 [blogroom-console] [main] INFO  [org.apache.catalina.core.StandardService] -Starting service [Tomcat]
2018-12-29 12:19:09.952 [blogroom-console] [main] INFO  [org.apache.catalina.core.StandardEngine] -Starting Servlet Engine: Apache Tomcat/8.5.32
2018-12-29 12:19:09.955 [blogroom-console] [localhost-startStop-1] INFO  [org.apache.catalina.core.AprLifecycleListener] -The APR based Apache Tomcat Native library which allows optimal performance in production environments was not found on the java.library.path: [/usr/java/packages/lib/amd64:/usr/lib64:/lib64:/lib:/usr/lib]
2018-12-29 12:19:10.010 [blogroom-console] [localhost-startStop-1] INFO  [org.apache.catalina.core.ContainerBase.[Tomcat].[localhost].[/]] -Initializing Spring embedded WebApplicationContext
2018-12-29 12:19:10.010 [blogroom-console] [localhost-startStop-1] INFO  [org.springframework.web.context.ContextLoader] -Root WebApplicationContext: initialization completed in 1168 ms
2018-12-29 12:19:10.039 [blogroom-console] [localhost-startStop-1] INFO  [org.springframework.boot.web.servlet.ServletRegistrationBean] -Servlet dispatcherServlet mapped to [/]
2018-12-29 12:19:10.041 [blogroom-console] [localhost-startStop-1] INFO  [org.springframework.boot.web.servlet.FilterRegistrationBean] -Mapping filter: 'characterEncodingFilter' to: [/*]
2018-12-29 12:19:10.042 [blogroom-console] [localhost-startStop-1] INFO  [org.springframework.boot.web.servlet.FilterRegistrationBean] -Mapping filter: 'hiddenHttpMethodFilter' to: [/*]
2018-12-29 12:19:10.042 [blogroom-console] [localhost-startStop-1] INFO  [org.springframework.boot.web.servlet.FilterRegistrationBean] -Mapping filter: 'httpPutFormContentFilter' to: [/*]
2018-12-29 12:19:10.042 [blogroom-console] [localhost-startStop-1] INFO  [org.springframework.boot.web.servlet.FilterRegistrationBean] -Mapping filter: 'requestContextFilter' to: [/*]
2018-12-29 12:19:10.060 [blogroom-console] [main] WARN  [org.springframework.boot.web.servlet.context.AnnotationConfigServletWebServerApplicationContext] -Exception encountered during context initialization - cancelling refresh attempt: org.springframework.beans.factory.BeanCreationException: Error creating bean with name 'testController': Injection of autowired dependencies failed; nested exception is java.lang.IllegalArgumentException: Could not resolve placeholder 'author.name' in value "${author.name}"
2018-12-29 12:19:10.062 [blogroom-console] [main] INFO  [org.apache.catalina.core.StandardService] -Stopping service [Tomcat]
2018-12-29 12:19:10.070 [blogroom-console] [main] INFO  [org.springframework.boot.autoconfigure.logging.ConditionEvaluationReportLoggingListener] -

Error starting ApplicationContext. To display the conditions report re-run your application with 'debug' enabled.
2018-12-29 12:19:10.074 [blogroom-console] [main] ERROR [org.springframework.boot.SpringApplication] -Application run failed
org.springframework.beans.factory.BeanCreationException: Error creating bean with name 'testController': Injection of autowired dependencies failed; nested exception is java.lang.IllegalArgumentException: Could not resolve placeholder 'author.name' in value "${author.name}"
	at org.springframework.beans.factory.annotation.AutowiredAnnotationBeanPostProcessor.postProcessPropertyValues(AutowiredAnnotationBeanPostProcessor.java:378)
	at org.springframework.beans.factory.support.AbstractAutowireCapableBeanFactory.populateBean(AbstractAutowireCapableBeanFactory.java:1341)
	at org.springframework.beans.factory.support.AbstractAutowireCapableBeanFactory.doCreateBean(AbstractAutowireCapableBeanFactory.java:572)
	at org.springframework.beans.factory.support.AbstractAutowireCapableBeanFactory.createBean(AbstractAutowireCapableBeanFactory.java:495)
	at org.springframework.beans.factory.support.AbstractBeanFactory.lambda$doGetBean$0(AbstractBeanFactory.java:317)
	at org.springframework.beans.factory.support.DefaultSingletonBeanRegistry.getSingleton(DefaultSingletonBeanRegistry.java:222)
	at org.springframework.beans.factory.support.AbstractBeanFactory.doGetBean(AbstractBeanFactory.java:315)
	at org.springframework.beans.factory.support.AbstractBeanFactory.getBean(AbstractBeanFactory.java:199)
	at org.springframework.beans.factory.support.DefaultListableBeanFactory.preInstantiateSingletons(DefaultListableBeanFactory.java:759)
	at org.springframework.context.support.AbstractApplicationContext.finishBeanFactoryInitialization(AbstractApplicationContext.java:869)
	at org.springframework.context.support.AbstractApplicationContext.refresh(AbstractApplicationContext.java:550)
	at org.springframework.boot.web.servlet.context.ServletWebServerApplicationContext.refresh(ServletWebServerApplicationContext.java:140)
	at org.springframework.boot.SpringApplication.refresh(SpringApplication.java:762)
	at org.springframework.boot.SpringApplication.refreshContext(SpringApplication.java:398)
	at org.springframework.boot.SpringApplication.run(SpringApplication.java:330)
	at org.springframework.boot.SpringApplication.run(SpringApplication.java:1258)
	at org.springframework.boot.SpringApplication.run(SpringApplication.java:1246)
	at cn.qyd.blogroom.App.main(App.java:15)
Caused by: java.lang.IllegalArgumentException: Could not resolve placeholder 'author.name' in value "${author.name}"
	at org.springframework.util.PropertyPlaceholderHelper.parseStringValue(PropertyPlaceholderHelper.java:172)
	at org.springframework.util.PropertyPlaceholderHelper.replacePlaceholders(PropertyPlaceholderHelper.java:124)
	at org.springframework.core.env.AbstractPropertyResolver.doResolvePlaceholders(AbstractPropertyResolver.java:237)
	at org.springframework.core.env.AbstractPropertyResolver.resolveRequiredPlaceholders(AbstractPropertyResolver.java:211)
	at org.springframework.context.support.PropertySourcesPlaceholderConfigurer.lambda$processProperties$0(PropertySourcesPlaceholderConfigurer.java:175)
	at org.springframework.beans.factory.support.AbstractBeanFactory.resolveEmbeddedValue(AbstractBeanFactory.java:839)
	at org.springframework.beans.factory.support.DefaultListableBeanFactory.doResolveDependency(DefaultListableBeanFactory.java:1083)
	at org.springframework.beans.factory.support.DefaultListableBeanFactory.resolveDependency(DefaultListableBeanFactory.java:1062)
	at org.springframework.beans.factory.annotation.AutowiredAnnotationBeanPostProcessor$AutowiredFieldElement.inject(AutowiredAnnotationBeanPostProcessor.java:583)
	at org.springframework.beans.factory.annotation.InjectionMetadata.inject(InjectionMetadata.java:91)
	at org.springframework.beans.factory.annotation.AutowiredAnnotationBeanPostProcessor.postProcessPropertyValues(AutowiredAnnotationBeanPostProcessor.java:372)
	... 17 common frames omitted
